This file contains any messages produced by compilers while
running configure, to aid debugging if configure makes a mistake.

It was created by arprec configure 2.2.13, which was
generated by GNU Autoconf 2.69.  Invocation command line was

  $ ./configure 

## --------- ##
## Platform. ##
## --------- ##

hostname = Odin
uname -m = x86_64
uname -r = 4.13.0-21-generic
uname -s = Linux
uname -v = #24-Ubuntu SMP Mon Dec 18 17:29:16 UTC 2017

/usr/bin/uname -p = unknown
/bin/uname -X     = unknown

/bin/arch              = unknown
/usr/bin/arch -k       = unknown
/usr/convex/getsysinfo = unknown
/usr/bin/hostinfo      = unknown
/bin/machine           = unknown
/usr/bin/oslevel       = unknown
/bin/universe          = unknown

PATH: /opt/intel/advisor_2018.1.1.535164/bin64
PATH: /opt/intel/vtune_amplifier_2018.1.0.535340/bin64
PATH: /opt/intel/inspector_2018.1.1.535159/bin64
PATH: /opt/intel/itac/2018.1.017/intel64/bin
PATH: /opt/intel/itac/2018.1.017/intel64/bin
PATH: /opt/intel/clck/2018.1/bin/intel64
PATH: /opt/intel/compilers_and_libraries_2018.1.163/linux/bin/intel64
PATH: /opt/intel/compilers_and_libraries_2018.1.163/linux/mpi/intel64/bin
PATH: /home/alex/anaconda2/bin
PATH: /usr/local/sbin
PATH: /usr/local/bin
PATH: /usr/sbin
PATH: /usr/bin
PATH: /sbin
PATH: /bin
PATH: /usr/games
PATH: /usr/local/games
PATH: /snap/bin
PATH: /opt/intel/parallel_studio_xe_2018.1.038/bin


## ----------- ##
## Core tests. ##
## ----------- ##

configure:2779: checking for a BSD-compatible install
configure:2847: result: /usr/bin/install -c
configure:2858: checking whether build environment is sane
configure:2908: result: yes
configure:3049: checking for a thread-safe mkdir -p
configure:3088: result: /bin/mkdir -p
configure:3101: checking for gawk
configure:3131: result: no
configure:3101: checking for mawk
configure:3117: found /usr/bin/mawk
configure:3128: result: mawk
configure:3139: checking whether make sets $(MAKE)
configure:3161: result: yes
configure:3248: checking build system type
configure:3262: result: x86_64-unknown-linux-gnu
configure:3282: checking host system type
configure:3295: result: x86_64-unknown-linux-gnu
configure:3323: checking if commonly used function is to be inlined
configure:3331: result: yes
configure:3340: checking if debugging code is to be enabled
configure:3349: result: no
configure:3504: checking for C++ compiler version
configure:3513: icpc --version >&5
icpc (ICC) 18.0.1 20171018
Copyright (C) 1985-2017 Intel Corporation.  All rights reserved.

configure:3524: $? = 0
configure:3513: icpc -v >&5
icpc version 18.0.1 (gcc version 7.0.0 compatibility)
configure:3524: $? = 0
configure:3513: icpc -V >&5
Intel(R) C++ Intel(R) 64 Compiler for applications running on Intel(R) 64, Version 18.0.1.163 Build 20171018
Copyright (C) 1985-2017 Intel Corporation.  All rights reserved.

configure:3524: $? = 0
configure:3513: icpc -qversion >&5
icpc: command line warning #10006: ignoring unknown option '-qversion'
icpc: command line error: no files specified; for help type "icpc -help"
configure:3524: $? = 1
configure:3544: checking whether the C++ compiler works
configure:3566: icpc -O2 -ansi-alias -xCOMMON-AVX512   conftest.cpp  >&5
configure:3570: $? = 0
configure:3618: result: yes
configure:3621: checking for C++ compiler default output file name
configure:3623: result: a.out
configure:3629: checking for suffix of executables
configure:3636: icpc -o conftest -O2 -ansi-alias -xCOMMON-AVX512   conftest.cpp  >&5
configure:3640: $? = 0
configure:3662: result: 
configure:3684: checking whether we are cross compiling
configure:3692: icpc -o conftest -O2 -ansi-alias -xCOMMON-AVX512   conftest.cpp  >&5
configure:3696: $? = 0
configure:3703: ./conftest
configure:3707: $? = 0
configure:3722: result: no
configure:3727: checking for suffix of object files
configure:3749: icpc -c -O2 -ansi-alias -xCOMMON-AVX512  conftest.cpp >&5
configure:3753: $? = 0
configure:3774: result: o
configure:3778: checking whether we are using the GNU C++ compiler
configure:3797: icpc -c -O2 -ansi-alias -xCOMMON-AVX512  conftest.cpp >&5
configure:3797: $? = 0
configure:3806: result: yes
configure:3815: checking whether icpc accepts -g
configure:3835: icpc -c -g  conftest.cpp >&5
configure:3835: $? = 0
configure:3876: result: yes
configure:3910: checking for style of include used by make
configure:3938: result: GNU
configure:3963: checking dependency style of icpc
configure:4073: result: gcc3
configure:4139: checking for gcc
configure:4166: result: icc
configure:4395: checking for C compiler version
configure:4404: icc --version >&5
icc (ICC) 18.0.1 20171018
Copyright (C) 1985-2017 Intel Corporation.  All rights reserved.

configure:4415: $? = 0
configure:4404: icc -v >&5
icc version 18.0.1 (gcc version 7.0.0 compatibility)
configure:4415: $? = 0
configure:4404: icc -V >&5
Intel(R) C Intel(R) 64 Compiler for applications running on Intel(R) 64, Version 18.0.1.163 Build 20171018
Copyright (C) 1985-2017 Intel Corporation.  All rights reserved.

configure:4415: $? = 0
configure:4404: icc -qversion >&5
icc: command line warning #10006: ignoring unknown option '-qversion'
icc: command line error: no files specified; for help type "icc -help"
configure:4415: $? = 1
configure:4419: checking whether we are using the GNU C compiler
configure:4438: icc -c -O2 -ansi-alias -xCOMMON-AVX512  conftest.c >&5
configure:4438: $? = 0
configure:4447: result: yes
configure:4456: checking whether icc accepts -g
configure:4476: icc -c -g  conftest.c >&5
configure:4476: $? = 0
configure:4517: result: yes
configure:4534: checking for icc option to accept ISO C89
configure:4597: icc  -c -O2 -ansi-alias -xCOMMON-AVX512  conftest.c >&5
configure:4597: $? = 0
configure:4610: result: none needed
configure:4632: checking dependency style of icc
configure:4742: result: gcc3
configure:5434: checking for xlf95
configure:5464: result: no
configure:5434: checking for ifort
configure:5450: found /opt/intel/compilers_and_libraries_2018.1.163/linux/bin/intel64/ifort
configure:5461: result: ifort
configure:5487: checking for Fortran compiler version
configure:5496: ifort --version >&5
ifort (IFORT) 18.0.1 20171018
Copyright (C) 1985-2017 Intel Corporation.  All rights reserved.

configure:5507: $? = 0
configure:5496: ifort -v >&5
ifort version 18.0.1
configure:5507: $? = 0
configure:5496: ifort -V >&5
Intel(R) Fortran Intel(R) 64 Compiler for applications running on Intel(R) 64, Version 18.0.1.163 Build 20171018
Copyright (C) 1985-2017 Intel Corporation.  All rights reserved.

configure:5507: $? = 0
configure:5496: ifort -qversion >&5
ifort: command line warning #10006: ignoring unknown option '-qversion'
ifort: command line error: no files specified; for help type "ifort -help"
configure:5507: $? = 1
configure:5516: checking whether we are using the GNU Fortran compiler
configure:5529: ifort -c -O2  conftest.F >&5
conftest.F(3): error #5082: Syntax error, found END-OF-STATEMENT when expecting one of: => = . [ % ( :
       choke me
---------------^
compilation aborted for conftest.F (code 1)
configure:5529: $? = 1
configure: failed program was:
|       program main
| #ifndef __GNUC__
|        choke me
| #endif
| 
|       end
configure:5538: result: no
configure:5544: checking whether ifort accepts -g
configure:5555: ifort -c -g  conftest.f >&5
configure:5555: $? = 0
configure:5563: result: yes
configure:5602: checking how to get verbose linking output from ifort
configure:5612: ifort -c -O2  conftest.f >&5
configure:5612: $? = 0
configure:5630: ifort -o conftest -O2 -v conftest.f
ifort version 18.0.1
/opt/intel/compilers_and_libraries_2018.1.163/linux/bin/intel64/fortcom    -D__INTEL_COMPILER=1800 -D__INTEL_COMPILER_UPDATE=1 -D__unix__ -D__unix -D__linux__ -D__linux -D__gnu_linux__ -Dunix -Dlinux -D__ELF__ -D__x86_64 -D__x86_64__ -D__amd64 -D__amd64__ -D__INTEL_COMPILER_BUILD_DATE=20171018 -D__INTEL_OFFLOAD -D__i686 -D__i686__ -D__pentiumpro -D__pentiumpro__ -D__pentium4 -D__pentium4__ -D__tune_pentium4__ -D__SSE2__ -D__SSE2_MATH__ -D__SSE__ -D__SSE_MATH__ -D__MMX__ -mGLOB_pack_sort_init_list -I. -I/opt/intel/compilers_and_libraries_2018.1.163/linux/ipp/include -I/opt/intel/compilers_and_libraries_2018.1.163/linux/mkl/include -I/opt/intel/compilers_and_libraries_2018.1.163/linux/pstl/include -I/opt/intel/compilers_and_libraries_2018.1.163/linux/tbb/include -I/opt/intel/compilers_and_libraries_2018.1.163/linux/tbb/include -I/opt/intel/compilers_and_libraries_2018.1.163/linux/daal/include -I/opt/intel/compilers_and_libraries_2018.1.163/linux/compiler/include/intel64 -I/opt/intel/compilers_and_libraries_2018.1.163/linux/compiler/include/icc -I/opt/intel/compilers_and_libraries_2018.1.163/linux/compiler/include -I/usr/local/include -I/usr/lib/gcc/x86_64-linux-gnu/7/include -I/usr/lib/gcc/x86_64-linux-gnu/7/include-fixed -I/usr/include/ -I/usr/include -I/usr/include/x86_64-linux-gnu -O2 "-reentrancy threaded" -simd -offload_host -mGLOB_em64t=TRUE -mP1OPT_version=18.0-intel64 -mGLOB_diag_file=/tmp/ifortSXcOhx.diag -mGLOB_long_size_64 -mGLOB_routine_pointer_size_64 -mGLOB_source_language=GLOB_SOURCE_LANGUAGE_F90 -mP2OPT_static_promotion -mP1OPT_print_version=FALSE -mCG_use_gas_got_workaround=F -mP2OPT_align_option_used=TRUE -mGLOB_gcc_version=700 "-mGLOB_options_string=-o conftest -O2 -v" -mGLOB_cxx_limited_range=FALSE -mCG_extend_parms=FALSE -mGLOB_compiler_bin_directory=/opt/intel/compilers_and_libraries_2018.1.163/linux/bin/intel64 -mGLOB_as_output_backup_file_name=/tmp/ifortY9xr4nas_.s -mGLOB_dashboard_use_source_name -mIPOPT_activate -mIPOPT_lite -mGLOB_instruction_tuning=0x0 -mGLOB_uarch_tuning=0x0 -mGLOB_product_id_code=0x22006d90 -mCG_bnl_movbe=T -mGLOB_extended_instructions=0x8 -mP3OPT_use_mspp_call_convention -mP2OPT_subs_out_of_bound=FALSE -mP2OPT_disam_type_based_disam=2 -mGLOB_ansi_alias -mPGOPTI_value_profile_use=T -mGLOB_opt_report_use_source_name -mP2OPT_il0_array_sections=TRUE -mGLOB_offload_mode=1 -mP2OPT_offload_unique_var_string=ifort1021505306lE1jfd -mGLOB_opt_level=2 -mP2OPT_hlo_level=2 -mP2OPT_hlo -mP2OPT_hpo_rtt_control=0 -mIPOPT_args_in_regs=0 -mP2OPT_disam_assume_nonstd_intent_in=FALSE -mGLOB_imf_mapping_library=/opt/intel/compilers_and_libraries_2018.1.163/linux/bin/intel64/libiml_attr.so -mIPOPT_single_file_compile_and_link=TRUE -mPGOPTI_gen_threadsafe_level=0 -mIPOPT_lto_object_enabled -mIPOPT_lto_object_value=1 -mIPOPT_obj_output_file_name=/tmp/ifortSXcOhx.o -mIPOPT_whole_archive_fixup_file_name=/tmp/ifortwarchwMHTSe -mGLOB_linker_version=2.29.1 -mGLOB_driver_tempfile_name=/tmp/iforttempfilebJuvia -mP3OPT_asm_target=P3OPT_ASM_TARGET_GAS -mGLOB_async_unwind_tables=TRUE -mGLOB_obj_output_file=/tmp/ifortSXcOhx.o -mGLOB_source_dialect=GLOB_SOURCE_DIALECT_FORTRAN -mP1OPT_source_file_name=conftest.f -mP1OPT_full_source_file_name=/home/alex/minimizer/arprec/conftest.f -mP2OPT_symtab_type_copy=true conftest.f
#include "..." search starts here:
#include <...> search starts here:
 .
 /opt/intel/compilers_and_libraries_2018.1.163/linux/ipp/include
 /opt/intel/compilers_and_libraries_2018.1.163/linux/mkl/include
 /opt/intel/compilers_and_libraries_2018.1.163/linux/pstl/include
 /opt/intel/compilers_and_libraries_2018.1.163/linux/tbb/include
 /opt/intel/compilers_and_libraries_2018.1.163/linux/tbb/include
 /opt/intel/compilers_and_libraries_2018.1.163/linux/daal/include
 /opt/intel/compilers_and_libraries_2018.1.163/linux/compiler/include/intel64
 /opt/intel/compilers_and_libraries_2018.1.163/linux/compiler/include/icc
 /opt/intel/compilers_and_libraries_2018.1.163/linux/compiler/include
 /usr/local/include
 /usr/lib/gcc/x86_64-linux-gnu/7/include
 /usr/lib/gcc/x86_64-linux-gnu/7/include-fixed
 /usr/include/
 /usr/include
 /usr/include/x86_64-linux-gnu
End of search list.
ld    /usr/lib/gcc/x86_64-linux-gnu/7/../../../x86_64-linux-gnu/Scrt1.o /usr/lib/gcc/x86_64-linux-gnu/7/../../../x86_64-linux-gnu/crti.o /usr/lib/gcc/x86_64-linux-gnu/7/crtbeginS.o --eh-frame-hdr --build-id -dynamic-linker /lib64/ld-linux-x86-64.so.2 -m elf_x86_64 -o conftest /opt/intel/compilers_and_libraries_2018.1.163/linux/compiler/lib/intel64_lin/for_main.o -L/opt/intel/clck/2018.1/lib/intel64 -L/opt/intel/compilers_and_libraries_2018.1.163/linux/ipp/lib/intel64 -L/opt/intel/compilers_and_libraries_2018.1.163/linux/compiler/lib/intel64_lin -L/opt/intel/compilers_and_libraries_2018.1.163/linux/mkl/lib/intel64_lin -L/opt/intel/compilers_and_libraries_2018.1.163/linux/tbb/lib/intel64/gcc4.7 -L/opt/intel/compilers_and_libraries_2018.1.163/linux/tbb/lib/intel64/gcc4.7 -L/opt/intel/compilers_and_libraries_2018.1.163/linux/daal/lib/intel64_lin -L/opt/intel/compilers_and_libraries_2018.1.163/linux/daal/../tbb/lib/intel64_lin/gcc4.4 -L/opt/intel/compilers_and_libraries_2018.1.163/linux/compiler/lib/intel64_lin -L/usr/lib/gcc/x86_64-linux-gnu/7/ -L/usr/lib/gcc/x86_64-linux-gnu/7/../../../x86_64-linux-gnu/ -L/usr/lib/gcc/x86_64-linux-gnu/7/../../../../lib/ -L/lib/x86_64-linux-gnu/ -L/lib/../lib64 -L/lib/../lib/ -L/usr/lib/x86_64-linux-gnu/ -L/usr/lib/../lib/ -L/opt/intel/clck/2018.1/lib/intel64/ -L/opt/intel/compilers_and_libraries_2018.1.163/linux/ipp/lib/intel64/ -L/opt/intel/compilers_and_libraries_2018.1.163/linux/compiler/lib/intel64_lin/ -L/opt/intel/compilers_and_libraries_2018.1.163/linux/mkl/lib/intel64_lin/ -L/opt/intel/compilers_and_libraries_2018.1.163/linux/tbb/lib/intel64/gcc4.7/ -L/opt/intel/compilers_and_libraries_2018.1.163/linux/daal/lib/intel64_lin/ -L/opt/intel/compilers_and_libraries_2018.1.163/linux/daal/../tbb/lib/intel64_lin/gcc4.4/ -L/usr/lib/gcc/x86_64-linux-gnu/7/../../../ -L/lib64 -L/lib/ -L/usr/lib /tmp/ifortSXcOhx.o -Bdynamic -Bstatic -lifport -lifcoremt -limf -lsvml -Bdynamic -lm -Bstatic -lipgo -lirc -Bdynamic -lpthread -Bstatic -lsvml -Bdynamic -lc -lgcc -lgcc_s -Bstatic -lirc_s -Bdynamic -ldl -lc /usr/lib/gcc/x86_64-linux-gnu/7/crtendS.o /usr/lib/gcc/x86_64-linux-gnu/7/../../../x86_64-linux-gnu/crtn.o
configure:5713: result: -v
configure:5715: checking for Fortran libraries of ifort
configure:5738: ifort -o conftest -O2 -v conftest.f
ifort version 18.0.1
/opt/intel/compilers_and_libraries_2018.1.163/linux/bin/intel64/fortcom    -D__INTEL_COMPILER=1800 -D__INTEL_COMPILER_UPDATE=1 -D__unix__ -D__unix -D__linux__ -D__linux -D__gnu_linux__ -Dunix -Dlinux -D__ELF__ -D__x86_64 -D__x86_64__ -D__amd64 -D__amd64__ -D__INTEL_COMPILER_BUILD_DATE=20171018 -D__INTEL_OFFLOAD -D__i686 -D__i686__ -D__pentiumpro -D__pentiumpro__ -D__pentium4 -D__pentium4__ -D__tune_pentium4__ -D__SSE2__ -D__SSE2_MATH__ -D__SSE__ -D__SSE_MATH__ -D__MMX__ -mGLOB_pack_sort_init_list -I. -I/opt/intel/compilers_and_libraries_2018.1.163/linux/ipp/include -I/opt/intel/compilers_and_libraries_2018.1.163/linux/mkl/include -I/opt/intel/compilers_and_libraries_2018.1.163/linux/pstl/include -I/opt/intel/compilers_and_libraries_2018.1.163/linux/tbb/include -I/opt/intel/compilers_and_libraries_2018.1.163/linux/tbb/include -I/opt/intel/compilers_and_libraries_2018.1.163/linux/daal/include -I/opt/intel/compilers_and_libraries_2018.1.163/linux/compiler/include/intel64 -I/opt/intel/compilers_and_libraries_2018.1.163/linux/compiler/include/icc -I/opt/intel/compilers_and_libraries_2018.1.163/linux/compiler/include -I/usr/local/include -I/usr/lib/gcc/x86_64-linux-gnu/7/include -I/usr/lib/gcc/x86_64-linux-gnu/7/include-fixed -I/usr/include/ -I/usr/include -I/usr/include/x86_64-linux-gnu -O2 "-reentrancy threaded" -simd -offload_host -mGLOB_em64t=TRUE -mP1OPT_version=18.0-intel64 -mGLOB_diag_file=/tmp/ifortATqCtQ.diag -mGLOB_long_size_64 -mGLOB_routine_pointer_size_64 -mGLOB_source_language=GLOB_SOURCE_LANGUAGE_F90 -mP2OPT_static_promotion -mP1OPT_print_version=FALSE -mCG_use_gas_got_workaround=F -mP2OPT_align_option_used=TRUE -mGLOB_gcc_version=700 "-mGLOB_options_string=-o conftest -O2 -v" -mGLOB_cxx_limited_range=FALSE -mCG_extend_parms=FALSE -mGLOB_compiler_bin_directory=/opt/intel/compilers_and_libraries_2018.1.163/linux/bin/intel64 -mGLOB_as_output_backup_file_name=/tmp/ifortMO8WpIas_.s -mGLOB_dashboard_use_source_name -mIPOPT_activate -mIPOPT_lite -mGLOB_instruction_tuning=0x0 -mGLOB_uarch_tuning=0x0 -mGLOB_product_id_code=0x22006d90 -mCG_bnl_movbe=T -mGLOB_extended_instructions=0x8 -mP3OPT_use_mspp_call_convention -mP2OPT_subs_out_of_bound=FALSE -mP2OPT_disam_type_based_disam=2 -mGLOB_ansi_alias -mPGOPTI_value_profile_use=T -mGLOB_opt_report_use_source_name -mP2OPT_il0_array_sections=TRUE -mGLOB_offload_mode=1 -mP2OPT_offload_unique_var_string=ifort0245122841zWuear -mGLOB_opt_level=2 -mP2OPT_hlo_level=2 -mP2OPT_hlo -mP2OPT_hpo_rtt_control=0 -mIPOPT_args_in_regs=0 -mP2OPT_disam_assume_nonstd_intent_in=FALSE -mGLOB_imf_mapping_library=/opt/intel/compilers_and_libraries_2018.1.163/linux/bin/intel64/libiml_attr.so -mIPOPT_single_file_compile_and_link=TRUE -mPGOPTI_gen_threadsafe_level=0 -mIPOPT_lto_object_enabled -mIPOPT_lto_object_value=1 -mIPOPT_obj_output_file_name=/tmp/ifortATqCtQ.o -mIPOPT_whole_archive_fixup_file_name=/tmp/ifortwarch2xsHnA -mGLOB_linker_version=2.29.1 -mGLOB_driver_tempfile_name=/tmp/iforttempfile1RJSmw -mP3OPT_asm_target=P3OPT_ASM_TARGET_GAS -mGLOB_async_unwind_tables=TRUE -mGLOB_obj_output_file=/tmp/ifortATqCtQ.o -mGLOB_source_dialect=GLOB_SOURCE_DIALECT_FORTRAN -mP1OPT_source_file_name=conftest.f -mP1OPT_full_source_file_name=/home/alex/minimizer/arprec/conftest.f -mP2OPT_symtab_type_copy=true conftest.f
#include "..." search starts here:
#include <...> search starts here:
 .
 /opt/intel/compilers_and_libraries_2018.1.163/linux/ipp/include
 /opt/intel/compilers_and_libraries_2018.1.163/linux/mkl/include
 /opt/intel/compilers_and_libraries_2018.1.163/linux/pstl/include
 /opt/intel/compilers_and_libraries_2018.1.163/linux/tbb/include
 /opt/intel/compilers_and_libraries_2018.1.163/linux/tbb/include
 /opt/intel/compilers_and_libraries_2018.1.163/linux/daal/include
 /opt/intel/compilers_and_libraries_2018.1.163/linux/compiler/include/intel64
 /opt/intel/compilers_and_libraries_2018.1.163/linux/compiler/include/icc
 /opt/intel/compilers_and_libraries_2018.1.163/linux/compiler/include
 /usr/local/include
 /usr/lib/gcc/x86_64-linux-gnu/7/include
 /usr/lib/gcc/x86_64-linux-gnu/7/include-fixed
 /usr/include/
 /usr/include
 /usr/include/x86_64-linux-gnu
End of search list.
ld    /usr/lib/gcc/x86_64-linux-gnu/7/../../../x86_64-linux-gnu/Scrt1.o /usr/lib/gcc/x86_64-linux-gnu/7/../../../x86_64-linux-gnu/crti.o /usr/lib/gcc/x86_64-linux-gnu/7/crtbeginS.o --eh-frame-hdr --build-id -dynamic-linker /lib64/ld-linux-x86-64.so.2 -m elf_x86_64 -o conftest /opt/intel/compilers_and_libraries_2018.1.163/linux/compiler/lib/intel64_lin/for_main.o -L/opt/intel/clck/2018.1/lib/intel64 -L/opt/intel/compilers_and_libraries_2018.1.163/linux/ipp/lib/intel64 -L/opt/intel/compilers_and_libraries_2018.1.163/linux/compiler/lib/intel64_lin -L/opt/intel/compilers_and_libraries_2018.1.163/linux/mkl/lib/intel64_lin -L/opt/intel/compilers_and_libraries_2018.1.163/linux/tbb/lib/intel64/gcc4.7 -L/opt/intel/compilers_and_libraries_2018.1.163/linux/tbb/lib/intel64/gcc4.7 -L/opt/intel/compilers_and_libraries_2018.1.163/linux/daal/lib/intel64_lin -L/opt/intel/compilers_and_libraries_2018.1.163/linux/daal/../tbb/lib/intel64_lin/gcc4.4 -L/opt/intel/compilers_and_libraries_2018.1.163/linux/compiler/lib/intel64_lin -L/usr/lib/gcc/x86_64-linux-gnu/7/ -L/usr/lib/gcc/x86_64-linux-gnu/7/../../../x86_64-linux-gnu/ -L/usr/lib/gcc/x86_64-linux-gnu/7/../../../../lib/ -L/lib/x86_64-linux-gnu/ -L/lib/../lib64 -L/lib/../lib/ -L/usr/lib/x86_64-linux-gnu/ -L/usr/lib/../lib/ -L/opt/intel/clck/2018.1/lib/intel64/ -L/opt/intel/compilers_and_libraries_2018.1.163/linux/ipp/lib/intel64/ -L/opt/intel/compilers_and_libraries_2018.1.163/linux/compiler/lib/intel64_lin/ -L/opt/intel/compilers_and_libraries_2018.1.163/linux/mkl/lib/intel64_lin/ -L/opt/intel/compilers_and_libraries_2018.1.163/linux/tbb/lib/intel64/gcc4.7/ -L/opt/intel/compilers_and_libraries_2018.1.163/linux/daal/lib/intel64_lin/ -L/opt/intel/compilers_and_libraries_2018.1.163/linux/daal/../tbb/lib/intel64_lin/gcc4.4/ -L/usr/lib/gcc/x86_64-linux-gnu/7/../../../ -L/lib64 -L/lib/ -L/usr/lib /tmp/ifortATqCtQ.o -Bdynamic -Bstatic -lifport -lifcoremt -limf -lsvml -Bdynamic -lm -Bstatic -lipgo -lirc -Bdynamic -lpthread -Bstatic -lsvml -Bdynamic -lc -lgcc -lgcc_s -Bstatic -lirc_s -Bdynamic -ldl -lc /usr/lib/gcc/x86_64-linux-gnu/7/crtendS.o /usr/lib/gcc/x86_64-linux-gnu/7/../../../x86_64-linux-gnu/crtn.o
configure:5934: result:  -L/opt/intel/clck/2018.1/lib/intel64 -L/opt/intel/compilers_and_libraries_2018.1.163/linux/ipp/lib/intel64 -L/opt/intel/compilers_and_libraries_2018.1.163/linux/compiler/lib/intel64_lin -L/opt/intel/compilers_and_libraries_2018.1.163/linux/mkl/lib/intel64_lin -L/opt/intel/compilers_and_libraries_2018.1.163/linux/tbb/lib/intel64/gcc4.7 -L/opt/intel/compilers_and_libraries_2018.1.163/linux/daal/lib/intel64_lin -L/opt/intel/compilers_and_libraries_2018.1.163/linux/daal/../tbb/lib/intel64_lin/gcc4.4 -L/usr/lib/gcc/x86_64-linux-gnu/7/ -L/usr/lib/gcc/x86_64-linux-gnu/7/../../../x86_64-linux-gnu/ -L/usr/lib/gcc/x86_64-linux-gnu/7/../../../../lib/ -L/lib/x86_64-linux-gnu/ -L/lib/../lib64 -L/lib/../lib/ -L/usr/lib/x86_64-linux-gnu/ -L/usr/lib/../lib/ -L/opt/intel/clck/2018.1/lib/intel64/ -L/opt/intel/compilers_and_libraries_2018.1.163/linux/ipp/lib/intel64/ -L/opt/intel/compilers_and_libraries_2018.1.163/linux/compiler/lib/intel64_lin/ -L/opt/intel/compilers_and_libraries_2018.1.163/linux/mkl/lib/intel64_lin/ -L/opt/intel/compilers_and_libraries_2018.1.163/linux/tbb/lib/intel64/gcc4.7/ -L/opt/intel/compilers_and_libraries_2018.1.163/linux/daal/lib/intel64_lin/ -L/opt/intel/compilers_and_libraries_2018.1.163/linux/daal/../tbb/lib/intel64_lin/gcc4.4/ -L/usr/lib/gcc/x86_64-linux-gnu/7/../../../ -L/lib64 -L/lib/ -L/usr/lib -lifport -lifcoremt -limf -lsvml -lm -lipgo -lirc -lpthread -lirc_s -ldl
configure:5948: checking for Fortran flag needed to accept free-form source
configure:5967: ifort -c -O2  conftest.f >&5
conftest.f(2): error #5149: Illegal character in statement label field  [p]
  program freeform
--^
conftest.f(2): error #5149: Illegal character in statement label field  [r]
  program freeform
---^
conftest.f(2): error #5149: Illegal character in statement label field  [o]
  program freeform
----^
conftest.f(2): error #5118: First statement in file must not be continued
  program freeform
-----^
conftest.f(2): error #5082: Syntax error, found END-OF-STATEMENT when expecting one of: => = . [ % ( :
  program freeform
------------------^
conftest.f(4): error #5082: Syntax error, found '&' when expecting one of: <REAL_KIND_CON> <REAL_CONSTANT> <DBLPRC_CONSTANT> <DBLPRC_KIND_CON> <QUAPRC_CONSTANT> ...
       print *, 'Hello ', &
--------------------------^
conftest.f(5): error #5082: Syntax error, found END-OF-STATEMENT when expecting one of: (
          'world.'
------------------^
compilation aborted for conftest.f (code 1)
configure:5967: $? = 1
configure: failed program was:
| 
|   program freeform
|        ! FIXME: how to best confuse non-freeform compilers?
|        print *, 'Hello ', &
|           'world.'
|        end
configure:5967: ifort -c -O2 -ffree-form  conftest.f >&5
ifort: command line warning #10006: ignoring unknown option '-ffree-form'
conftest.f(2): error #5149: Illegal character in statement label field  [p]
  program freeform
--^
conftest.f(2): error #5149: Illegal character in statement label field  [r]
  program freeform
---^
conftest.f(2): error #5149: Illegal character in statement label field  [o]
  program freeform
----^
conftest.f(2): error #5118: First statement in file must not be continued
  program freeform
-----^
conftest.f(2): error #5082: Syntax error, found END-OF-STATEMENT when expecting one of: => = . [ % ( :
  program freeform
------------------^
conftest.f(4): error #5082: Syntax error, found '&' when expecting one of: <REAL_KIND_CON> <REAL_CONSTANT> <DBLPRC_CONSTANT> <DBLPRC_KIND_CON> <QUAPRC_CONSTANT> ...
       print *, 'Hello ', &
--------------------------^
conftest.f(5): error #5082: Syntax error, found END-OF-STATEMENT when expecting one of: (
          'world.'
------------------^
compilation aborted for conftest.f (code 1)
configure:5967: $? = 1
configure: failed program was:
| 
|   program freeform
|        ! FIXME: how to best confuse non-freeform compilers?
|        print *, 'Hello ', &
|           'world.'
|        end
configure:5967: ifort -c -O2 -FR  conftest.f >&5
configure:5967: $? = 0
configure:5976: result: -FR
configure:5992: checking whether extra library is needed to link Fortran and C++
configure:6021: icpc -o conftest -O2 -ansi-alias -xCOMMON-AVX512 -fp-model source -axSSSE3 -wd1572 -DHAVE_CONFIG_H   conftest.cpp   -L/opt/intel/clck/2018.1/lib/intel64 -L/opt/intel/compilers_and_libraries_2018.1.163/linux/ipp/lib/intel64 -L/opt/intel/compilers_and_libraries_2018.1.163/linux/compiler/lib/intel64_lin -L/opt/intel/compilers_and_libraries_2018.1.163/linux/mkl/lib/intel64_lin -L/opt/intel/compilers_and_libraries_2018.1.163/linux/tbb/lib/intel64/gcc4.7 -L/opt/intel/compilers_and_libraries_2018.1.163/linux/daal/lib/intel64_lin -L/opt/intel/compilers_and_libraries_2018.1.163/linux/daal/../tbb/lib/intel64_lin/gcc4.4 -L/usr/lib/gcc/x86_64-linux-gnu/7/ -L/usr/lib/gcc/x86_64-linux-gnu/7/../../../x86_64-linux-gnu/ -L/usr/lib/gcc/x86_64-linux-gnu/7/../../../../lib/ -L/lib/x86_64-linux-gnu/ -L/lib/../lib64 -L/lib/../lib/ -L/usr/lib/x86_64-linux-gnu/ -L/usr/lib/../lib/ -L/opt/intel/clck/2018.1/lib/intel64/ -L/opt/intel/compilers_and_libraries_2018.1.163/linux/ipp/lib/intel64/ -L/opt/intel/compilers_and_libraries_2018.1.163/linux/compiler/lib/intel64_lin/ -L/opt/intel/compilers_and_libraries_2018.1.163/linux/mkl/lib/intel64_lin/ -L/opt/intel/compilers_and_libraries_2018.1.163/linux/tbb/lib/intel64/gcc4.7/ -L/opt/intel/compilers_and_libraries_2018.1.163/linux/daal/lib/intel64_lin/ -L/opt/intel/compilers_and_libraries_2018.1.163/linux/daal/../tbb/lib/intel64_lin/gcc4.4/ -L/usr/lib/gcc/x86_64-linux-gnu/7/../../../ -L/lib64 -L/lib/ -L/usr/lib -lifport -lifcoremt -limf -lsvml -lm -lipgo -lirc -lpthread -lirc_s -ldl  >&5
configure:6021: $? = 0
configure:6037: result: none
configure:6056: checking for dummy main to link with Fortran libraries
configure:6090: icc -o conftest -O2 -ansi-alias -xCOMMON-AVX512   conftest.c   -L/opt/intel/clck/2018.1/lib/intel64 -L/opt/intel/compilers_and_libraries_2018.1.163/linux/ipp/lib/intel64 -L/opt/intel/compilers_and_libraries_2018.1.163/linux/compiler/lib/intel64_lin -L/opt/intel/compilers_and_libraries_2018.1.163/linux/mkl/lib/intel64_lin -L/opt/intel/compilers_and_libraries_2018.1.163/linux/tbb/lib/intel64/gcc4.7 -L/opt/intel/compilers_and_libraries_2018.1.163/linux/daal/lib/intel64_lin -L/opt/intel/compilers_and_libraries_2018.1.163/linux/daal/../tbb/lib/intel64_lin/gcc4.4 -L/usr/lib/gcc/x86_64-linux-gnu/7/ -L/usr/lib/gcc/x86_64-linux-gnu/7/../../../x86_64-linux-gnu/ -L/usr/lib/gcc/x86_64-linux-gnu/7/../../../../lib/ -L/lib/x86_64-linux-gnu/ -L/lib/../lib64 -L/lib/../lib/ -L/usr/lib/x86_64-linux-gnu/ -L/usr/lib/../lib/ -L/opt/intel/clck/2018.1/lib/intel64/ -L/opt/intel/compilers_and_libraries_2018.1.163/linux/ipp/lib/intel64/ -L/opt/intel/compilers_and_libraries_2018.1.163/linux/compiler/lib/intel64_lin/ -L/opt/intel/compilers_and_libraries_2018.1.163/linux/mkl/lib/intel64_lin/ -L/opt/intel/compilers_and_libraries_2018.1.163/linux/tbb/lib/intel64/gcc4.7/ -L/opt/intel/compilers_and_libraries_2018.1.163/linux/daal/lib/intel64_lin/ -L/opt/intel/compilers_and_libraries_2018.1.163/linux/daal/../tbb/lib/intel64_lin/gcc4.4/ -L/usr/lib/gcc/x86_64-linux-gnu/7/../../../ -L/lib64 -L/lib/ -L/usr/lib -lifport -lifcoremt -limf -lsvml -lm -lipgo -lirc -lpthread -lirc_s -ldl  >&5
configure:6090: $? = 0
configure:6135: result: none
configure:6167: checking for Fortran name-mangling scheme
configure:6180: ifort -c -O2 -FR  conftest.f >&5
configure:6180: $? = 0
configure:6221: icc -o conftest -O2 -ansi-alias -xCOMMON-AVX512   conftest.c cfortran_test.o   -L/opt/intel/clck/2018.1/lib/intel64 -L/opt/intel/compilers_and_libraries_2018.1.163/linux/ipp/lib/intel64 -L/opt/intel/compilers_and_libraries_2018.1.163/linux/compiler/lib/intel64_lin -L/opt/intel/compilers_and_libraries_2018.1.163/linux/mkl/lib/intel64_lin -L/opt/intel/compilers_and_libraries_2018.1.163/linux/tbb/lib/intel64/gcc4.7 -L/opt/intel/compilers_and_libraries_2018.1.163/linux/daal/lib/intel64_lin -L/opt/intel/compilers_and_libraries_2018.1.163/linux/daal/../tbb/lib/intel64_lin/gcc4.4 -L/usr/lib/gcc/x86_64-linux-gnu/7/ -L/usr/lib/gcc/x86_64-linux-gnu/7/../../../x86_64-linux-gnu/ -L/usr/lib/gcc/x86_64-linux-gnu/7/../../../../lib/ -L/lib/x86_64-linux-gnu/ -L/lib/../lib64 -L/lib/../lib/ -L/usr/lib/x86_64-linux-gnu/ -L/usr/lib/../lib/ -L/opt/intel/clck/2018.1/lib/intel64/ -L/opt/intel/compilers_and_libraries_2018.1.163/linux/ipp/lib/intel64/ -L/opt/intel/compilers_and_libraries_2018.1.163/linux/compiler/lib/intel64_lin/ -L/opt/intel/compilers_and_libraries_2018.1.163/linux/mkl/lib/intel64_lin/ -L/opt/intel/compilers_and_libraries_2018.1.163/linux/tbb/lib/intel64/gcc4.7/ -L/opt/intel/compilers_and_libraries_2018.1.163/linux/daal/lib/intel64_lin/ -L/opt/intel/compilers_and_libraries_2018.1.163/linux/daal/../tbb/lib/intel64_lin/gcc4.4/ -L/usr/lib/gcc/x86_64-linux-gnu/7/../../../ -L/lib64 -L/lib/ -L/usr/lib -lifport -lifcoremt -limf -lsvml -lm -lipgo -lirc -lpthread -lirc_s -ldl  >&5
/tmp/iccZTsODf.o: In function `main':
conftest.c:(.text+0x37): undefined reference to `foobar'
configure:6221: $? = 1
configure: failed program was:
| /* confdefs.h */
| #define PACKAGE_NAME "arprec"
| #define PACKAGE_TARNAME "arprec"
| #define PACKAGE_VERSION "2.2.13"
| #define PACKAGE_STRING "arprec 2.2.13"
| #define PACKAGE_BUGREPORT "dhbailey@lbl.gov"
| #define PACKAGE_URL ""
| #define MAJOR_VERSION 2
| #define MINOR_VERSION 2
| #define PATCH_VERSION 13
| #define PACKAGE "arprec"
| #define VERSION "2.2.13"
| #define ARPREC_INLINE 1
| #define HAVE_FORTRAN 1
| /* end confdefs.h.  */
| 
| /* Override any GCC internal prototype to avoid an error.
|    Use char because int might match the return type of a GCC
|    builtin and then its argument prototype would still apply.  */
| #ifdef __cplusplus
| extern "C"
| #endif
| char foobar ();
| #ifdef FC_DUMMY_MAIN
| #ifndef FC_DUMMY_MAIN_EQ_F77
| #  ifdef __cplusplus
|      extern "C"
| #  endif
|    int FC_DUMMY_MAIN() { return 1; }
| #endif
| #endif
| int
| main ()
| {
| return foobar ();
|   ;
|   return 0;
| }
configure:6221: icc -o conftest -O2 -ansi-alias -xCOMMON-AVX512   conftest.c cfortran_test.o   -L/opt/intel/clck/2018.1/lib/intel64 -L/opt/intel/compilers_and_libraries_2018.1.163/linux/ipp/lib/intel64 -L/opt/intel/compilers_and_libraries_2018.1.163/linux/compiler/lib/intel64_lin -L/opt/intel/compilers_and_libraries_2018.1.163/linux/mkl/lib/intel64_lin -L/opt/intel/compilers_and_libraries_2018.1.163/linux/tbb/lib/intel64/gcc4.7 -L/opt/intel/compilers_and_libraries_2018.1.163/linux/daal/lib/intel64_lin -L/opt/intel/compilers_and_libraries_2018.1.163/linux/daal/../tbb/lib/intel64_lin/gcc4.4 -L/usr/lib/gcc/x86_64-linux-gnu/7/ -L/usr/lib/gcc/x86_64-linux-gnu/7/../../../x86_64-linux-gnu/ -L/usr/lib/gcc/x86_64-linux-gnu/7/../../../../lib/ -L/lib/x86_64-linux-gnu/ -L/lib/../lib64 -L/lib/../lib/ -L/usr/lib/x86_64-linux-gnu/ -L/usr/lib/../lib/ -L/opt/intel/clck/2018.1/lib/intel64/ -L/opt/intel/compilers_and_libraries_2018.1.163/linux/ipp/lib/intel64/ -L/opt/intel/compilers_and_libraries_2018.1.163/linux/compiler/lib/intel64_lin/ -L/opt/intel/compilers_and_libraries_2018.1.163/linux/mkl/lib/intel64_lin/ -L/opt/intel/compilers_and_libraries_2018.1.163/linux/tbb/lib/intel64/gcc4.7/ -L/opt/intel/compilers_and_libraries_2018.1.163/linux/daal/lib/intel64_lin/ -L/opt/intel/compilers_and_libraries_2018.1.163/linux/daal/../tbb/lib/intel64_lin/gcc4.4/ -L/usr/lib/gcc/x86_64-linux-gnu/7/../../../ -L/lib64 -L/lib/ -L/usr/lib -lifport -lifcoremt -limf -lsvml -lm -lipgo -lirc -lpthread -lirc_s -ldl  >&5
configure:6221: $? = 0
configure:6279: icc -o conftest -O2 -ansi-alias -xCOMMON-AVX512   conftest.c cfortran_test.o   -L/opt/intel/clck/2018.1/lib/intel64 -L/opt/intel/compilers_and_libraries_2018.1.163/linux/ipp/lib/intel64 -L/opt/intel/compilers_and_libraries_2018.1.163/linux/compiler/lib/intel64_lin -L/opt/intel/compilers_and_libraries_2018.1.163/linux/mkl/lib/intel64_lin -L/opt/intel/compilers_and_libraries_2018.1.163/linux/tbb/lib/intel64/gcc4.7 -L/opt/intel/compilers_and_libraries_2018.1.163/linux/daal/lib/intel64_lin -L/opt/intel/compilers_and_libraries_2018.1.163/linux/daal/../tbb/lib/intel64_lin/gcc4.4 -L/usr/lib/gcc/x86_64-linux-gnu/7/ -L/usr/lib/gcc/x86_64-linux-gnu/7/../../../x86_64-linux-gnu/ -L/usr/lib/gcc/x86_64-linux-gnu/7/../../../../lib/ -L/lib/x86_64-linux-gnu/ -L/lib/../lib64 -L/lib/../lib/ -L/usr/lib/x86_64-linux-gnu/ -L/usr/lib/../lib/ -L/opt/intel/clck/2018.1/lib/intel64/ -L/opt/intel/compilers_and_libraries_2018.1.163/linux/ipp/lib/intel64/ -L/opt/intel/compilers_and_libraries_2018.1.163/linux/compiler/lib/intel64_lin/ -L/opt/intel/compilers_and_libraries_2018.1.163/linux/mkl/lib/intel64_lin/ -L/opt/intel/compilers_and_libraries_2018.1.163/linux/tbb/lib/intel64/gcc4.7/ -L/opt/intel/compilers_and_libraries_2018.1.163/linux/daal/lib/intel64_lin/ -L/opt/intel/compilers_and_libraries_2018.1.163/linux/daal/../tbb/lib/intel64_lin/gcc4.4/ -L/usr/lib/gcc/x86_64-linux-gnu/7/../../../ -L/lib64 -L/lib/ -L/usr/lib -lifport -lifcoremt -limf -lsvml -lm -lipgo -lirc -lpthread -lirc_s -ldl  >&5
configure:6279: $? = 0
configure:6321: result: lower case, underscore, no extra underscore
configure:6389: checking for alternate main to link with Fortran libraries
configure:6429: icc -o conftest -O2 -ansi-alias -xCOMMON-AVX512   conftest.c   -L/opt/intel/clck/2018.1/lib/intel64 -L/opt/intel/compilers_and_libraries_2018.1.163/linux/ipp/lib/intel64 -L/opt/intel/compilers_and_libraries_2018.1.163/linux/compiler/lib/intel64_lin -L/opt/intel/compilers_and_libraries_2018.1.163/linux/mkl/lib/intel64_lin -L/opt/intel/compilers_and_libraries_2018.1.163/linux/tbb/lib/intel64/gcc4.7 -L/opt/intel/compilers_and_libraries_2018.1.163/linux/daal/lib/intel64_lin -L/opt/intel/compilers_and_libraries_2018.1.163/linux/daal/../tbb/lib/intel64_lin/gcc4.4 -L/usr/lib/gcc/x86_64-linux-gnu/7/ -L/usr/lib/gcc/x86_64-linux-gnu/7/../../../x86_64-linux-gnu/ -L/usr/lib/gcc/x86_64-linux-gnu/7/../../../../lib/ -L/lib/x86_64-linux-gnu/ -L/lib/../lib64 -L/lib/../lib/ -L/usr/lib/x86_64-linux-gnu/ -L/usr/lib/../lib/ -L/opt/intel/clck/2018.1/lib/intel64/ -L/opt/intel/compilers_and_libraries_2018.1.163/linux/ipp/lib/intel64/ -L/opt/intel/compilers_and_libraries_2018.1.163/linux/compiler/lib/intel64_lin/ -L/opt/intel/compilers_and_libraries_2018.1.163/linux/mkl/lib/intel64_lin/ -L/opt/intel/compilers_and_libraries_2018.1.163/linux/tbb/lib/intel64/gcc4.7/ -L/opt/intel/compilers_and_libraries_2018.1.163/linux/daal/lib/intel64_lin/ -L/opt/intel/compilers_and_libraries_2018.1.163/linux/daal/../tbb/lib/intel64_lin/gcc4.4/ -L/usr/lib/gcc/x86_64-linux-gnu/7/../../../ -L/lib64 -L/lib/ -L/usr/lib -lifport -lifcoremt -limf -lsvml -lm -lipgo -lirc -lpthread -lirc_s -ldl  >&5
/usr/lib/gcc/x86_64-linux-gnu/7/../../../x86_64-linux-gnu/Scrt1.o: In function `_start':
(.text+0x20): undefined reference to `main'
configure:6429: $? = 1
configure: failed program was:
| /* confdefs.h */
| #define PACKAGE_NAME "arprec"
| #define PACKAGE_TARNAME "arprec"
| #define PACKAGE_VERSION "2.2.13"
| #define PACKAGE_STRING "arprec 2.2.13"
| #define PACKAGE_BUGREPORT "dhbailey@lbl.gov"
| #define PACKAGE_URL ""
| #define MAJOR_VERSION 2
| #define MINOR_VERSION 2
| #define PATCH_VERSION 13
| #define PACKAGE "arprec"
| #define VERSION "2.2.13"
| #define ARPREC_INLINE 1
| #define HAVE_FORTRAN 1
| #define FC_FUNC(name,NAME) name ## _
| #define FC_FUNC_(name,NAME) name ## _
| /* end confdefs.h.  */
| #ifdef FC_DUMMY_MAIN_EQ_F77
| #  undef F77_DUMMY_MAIN
| #  undef FC_DUMMY_MAIN
| #else
| #  undef FC_DUMMY_MAIN
| #endif
| #define main MAIN__
| #ifdef FC_DUMMY_MAIN
| #ifndef FC_DUMMY_MAIN_EQ_F77
| #  ifdef __cplusplus
|      extern "C"
| #  endif
|    int FC_DUMMY_MAIN() { return 1; }
| #endif
| #endif
| int
| main ()
| {
| 
|   ;
|   return 0;
| }
configure:6429: icc -o conftest -O2 -ansi-alias -xCOMMON-AVX512   conftest.c   -L/opt/intel/clck/2018.1/lib/intel64 -L/opt/intel/compilers_and_libraries_2018.1.163/linux/ipp/lib/intel64 -L/opt/intel/compilers_and_libraries_2018.1.163/linux/compiler/lib/intel64_lin -L/opt/intel/compilers_and_libraries_2018.1.163/linux/mkl/lib/intel64_lin -L/opt/intel/compilers_and_libraries_2018.1.163/linux/tbb/lib/intel64/gcc4.7 -L/opt/intel/compilers_and_libraries_2018.1.163/linux/daal/lib/intel64_lin -L/opt/intel/compilers_and_libraries_2018.1.163/linux/daal/../tbb/lib/intel64_lin/gcc4.4 -L/usr/lib/gcc/x86_64-linux-gnu/7/ -L/usr/lib/gcc/x86_64-linux-gnu/7/../../../x86_64-linux-gnu/ -L/usr/lib/gcc/x86_64-linux-gnu/7/../../../../lib/ -L/lib/x86_64-linux-gnu/ -L/lib/../lib64 -L/lib/../lib/ -L/usr/lib/x86_64-linux-gnu/ -L/usr/lib/../lib/ -L/opt/intel/clck/2018.1/lib/intel64/ -L/opt/intel/compilers_and_libraries_2018.1.163/linux/ipp/lib/intel64/ -L/opt/intel/compilers_and_libraries_2018.1.163/linux/compiler/lib/intel64_lin/ -L/opt/intel/compilers_and_libraries_2018.1.163/linux/mkl/lib/intel64_lin/ -L/opt/intel/compilers_and_libraries_2018.1.163/linux/tbb/lib/intel64/gcc4.7/ -L/opt/intel/compilers_and_libraries_2018.1.163/linux/daal/lib/intel64_lin/ -L/opt/intel/compilers_and_libraries_2018.1.163/linux/daal/../tbb/lib/intel64_lin/gcc4.4/ -L/usr/lib/gcc/x86_64-linux-gnu/7/../../../ -L/lib64 -L/lib/ -L/usr/lib -lifport -lifcoremt -limf -lsvml -lm -lipgo -lirc -lpthread -lirc_s -ldl  >&5
/usr/lib/gcc/x86_64-linux-gnu/7/../../../x86_64-linux-gnu/Scrt1.o: In function `_start':
(.text+0x20): undefined reference to `main'
configure:6429: $? = 1
configure: failed program was:
| /* confdefs.h */
| #define PACKAGE_NAME "arprec"
| #define PACKAGE_TARNAME "arprec"
| #define PACKAGE_VERSION "2.2.13"
| #define PACKAGE_STRING "arprec 2.2.13"
| #define PACKAGE_BUGREPORT "dhbailey@lbl.gov"
| #define PACKAGE_URL ""
| #define MAJOR_VERSION 2
| #define MINOR_VERSION 2
| #define PATCH_VERSION 13
| #define PACKAGE "arprec"
| #define VERSION "2.2.13"
| #define ARPREC_INLINE 1
| #define HAVE_FORTRAN 1
| #define FC_FUNC(name,NAME) name ## _
| #define FC_FUNC_(name,NAME) name ## _
| /* end confdefs.h.  */
| #ifdef FC_DUMMY_MAIN_EQ_F77
| #  undef F77_DUMMY_MAIN
| #  undef FC_DUMMY_MAIN
| #else
| #  undef FC_DUMMY_MAIN
| #endif
| #define main MAIN_
| #ifdef FC_DUMMY_MAIN
| #ifndef FC_DUMMY_MAIN_EQ_F77
| #  ifdef __cplusplus
|      extern "C"
| #  endif
|    int FC_DUMMY_MAIN() { return 1; }
| #endif
| #endif
| int
| main ()
| {
| 
|   ;
|   return 0;
| }
configure:6429: icc -o conftest -O2 -ansi-alias -xCOMMON-AVX512   conftest.c   -L/opt/intel/clck/2018.1/lib/intel64 -L/opt/intel/compilers_and_libraries_2018.1.163/linux/ipp/lib/intel64 -L/opt/intel/compilers_and_libraries_2018.1.163/linux/compiler/lib/intel64_lin -L/opt/intel/compilers_and_libraries_2018.1.163/linux/mkl/lib/intel64_lin -L/opt/intel/compilers_and_libraries_2018.1.163/linux/tbb/lib/intel64/gcc4.7 -L/opt/intel/compilers_and_libraries_2018.1.163/linux/daal/lib/intel64_lin -L/opt/intel/compilers_and_libraries_2018.1.163/linux/daal/../tbb/lib/intel64_lin/gcc4.4 -L/usr/lib/gcc/x86_64-linux-gnu/7/ -L/usr/lib/gcc/x86_64-linux-gnu/7/../../../x86_64-linux-gnu/ -L/usr/lib/gcc/x86_64-linux-gnu/7/../../../../lib/ -L/lib/x86_64-linux-gnu/ -L/lib/../lib64 -L/lib/../lib/ -L/usr/lib/x86_64-linux-gnu/ -L/usr/lib/../lib/ -L/opt/intel/clck/2018.1/lib/intel64/ -L/opt/intel/compilers_and_libraries_2018.1.163/linux/ipp/lib/intel64/ -L/opt/intel/compilers_and_libraries_2018.1.163/linux/compiler/lib/intel64_lin/ -L/opt/intel/compilers_and_libraries_2018.1.163/linux/mkl/lib/intel64_lin/ -L/opt/intel/compilers_and_libraries_2018.1.163/linux/tbb/lib/intel64/gcc4.7/ -L/opt/intel/compilers_and_libraries_2018.1.163/linux/daal/lib/intel64_lin/ -L/opt/intel/compilers_and_libraries_2018.1.163/linux/daal/../tbb/lib/intel64_lin/gcc4.4/ -L/usr/lib/gcc/x86_64-linux-gnu/7/../../../ -L/lib64 -L/lib/ -L/usr/lib -lifport -lifcoremt -limf -lsvml -lm -lipgo -lirc -lpthread -lirc_s -ldl  >&5
/usr/lib/gcc/x86_64-linux-gnu/7/../../../x86_64-linux-gnu/Scrt1.o: In function `_start':
(.text+0x20): undefined reference to `main'
configure:6429: $? = 1
configure: failed program was:
| /* confdefs.h */
| #define PACKAGE_NAME "arprec"
| #define PACKAGE_TARNAME "arprec"
| #define PACKAGE_VERSION "2.2.13"
| #define PACKAGE_STRING "arprec 2.2.13"
| #define PACKAGE_BUGREPORT "dhbailey@lbl.gov"
| #define PACKAGE_URL ""
| #define MAJOR_VERSION 2
| #define MINOR_VERSION 2
| #define PATCH_VERSION 13
| #define PACKAGE "arprec"
| #define VERSION "2.2.13"
| #define ARPREC_INLINE 1
| #define HAVE_FORTRAN 1
| #define FC_FUNC(name,NAME) name ## _
| #define FC_FUNC_(name,NAME) name ## _
| /* end confdefs.h.  */
| #ifdef FC_DUMMY_MAIN_EQ_F77
| #  undef F77_DUMMY_MAIN
| #  undef FC_DUMMY_MAIN
| #else
| #  undef FC_DUMMY_MAIN
| #endif
| #define main __main
| #ifdef FC_DUMMY_MAIN
| #ifndef FC_DUMMY_MAIN_EQ_F77
| #  ifdef __cplusplus
|      extern "C"
| #  endif
|    int FC_DUMMY_MAIN() { return 1; }
| #endif
| #endif
| int
| main ()
| {
| 
|   ;
|   return 0;
| }
configure:6429: icc -o conftest -O2 -ansi-alias -xCOMMON-AVX512   conftest.c   -L/opt/intel/clck/2018.1/lib/intel64 -L/opt/intel/compilers_and_libraries_2018.1.163/linux/ipp/lib/intel64 -L/opt/intel/compilers_and_libraries_2018.1.163/linux/compiler/lib/intel64_lin -L/opt/intel/compilers_and_libraries_2018.1.163/linux/mkl/lib/intel64_lin -L/opt/intel/compilers_and_libraries_2018.1.163/linux/tbb/lib/intel64/gcc4.7 -L/opt/intel/compilers_and_libraries_2018.1.163/linux/daal/lib/intel64_lin -L/opt/intel/compilers_and_libraries_2018.1.163/linux/daal/../tbb/lib/intel64_lin/gcc4.4 -L/usr/lib/gcc/x86_64-linux-gnu/7/ -L/usr/lib/gcc/x86_64-linux-gnu/7/../../../x86_64-linux-gnu/ -L/usr/lib/gcc/x86_64-linux-gnu/7/../../../../lib/ -L/lib/x86_64-linux-gnu/ -L/lib/../lib64 -L/lib/../lib/ -L/usr/lib/x86_64-linux-gnu/ -L/usr/lib/../lib/ -L/opt/intel/clck/2018.1/lib/intel64/ -L/opt/intel/compilers_and_libraries_2018.1.163/linux/ipp/lib/intel64/ -L/opt/intel/compilers_and_libraries_2018.1.163/linux/compiler/lib/intel64_lin/ -L/opt/intel/compilers_and_libraries_2018.1.163/linux/mkl/lib/intel64_lin/ -L/opt/intel/compilers_and_libraries_2018.1.163/linux/tbb/lib/intel64/gcc4.7/ -L/opt/intel/compilers_and_libraries_2018.1.163/linux/daal/lib/intel64_lin/ -L/opt/intel/compilers_and_libraries_2018.1.163/linux/daal/../tbb/lib/intel64_lin/gcc4.4/ -L/usr/lib/gcc/x86_64-linux-gnu/7/../../../ -L/lib64 -L/lib/ -L/usr/lib -lifport -lifcoremt -limf -lsvml -lm -lipgo -lirc -lpthread -lirc_s -ldl  >&5
/usr/lib/gcc/x86_64-linux-gnu/7/../../../x86_64-linux-gnu/Scrt1.o: In function `_start':
(.text+0x20): undefined reference to `main'
configure:6429: $? = 1
configure: failed program was:
| /* confdefs.h */
| #define PACKAGE_NAME "arprec"
| #define PACKAGE_TARNAME "arprec"
| #define PACKAGE_VERSION "2.2.13"
| #define PACKAGE_STRING "arprec 2.2.13"
| #define PACKAGE_BUGREPORT "dhbailey@lbl.gov"
| #define PACKAGE_URL ""
| #define MAJOR_VERSION 2
| #define MINOR_VERSION 2
| #define PATCH_VERSION 13
| #define PACKAGE "arprec"
| #define VERSION "2.2.13"
| #define ARPREC_INLINE 1
| #define HAVE_FORTRAN 1
| #define FC_FUNC(name,NAME) name ## _
| #define FC_FUNC_(name,NAME) name ## _
| /* end confdefs.h.  */
| #ifdef FC_DUMMY_MAIN_EQ_F77
| #  undef F77_DUMMY_MAIN
| #  undef FC_DUMMY_MAIN
| #else
| #  undef FC_DUMMY_MAIN
| #endif
| #define main MAIN
| #ifdef FC_DUMMY_MAIN
| #ifndef FC_DUMMY_MAIN_EQ_F77
| #  ifdef __cplusplus
|      extern "C"
| #  endif
|    int FC_DUMMY_MAIN() { return 1; }
| #endif
| #endif
| int
| main ()
| {
| 
|   ;
|   return 0;
| }
configure:6429: icc -o conftest -O2 -ansi-alias -xCOMMON-AVX512   conftest.c   -L/opt/intel/clck/2018.1/lib/intel64 -L/opt/intel/compilers_and_libraries_2018.1.163/linux/ipp/lib/intel64 -L/opt/intel/compilers_and_libraries_2018.1.163/linux/compiler/lib/intel64_lin -L/opt/intel/compilers_and_libraries_2018.1.163/linux/mkl/lib/intel64_lin -L/opt/intel/compilers_and_libraries_2018.1.163/linux/tbb/lib/intel64/gcc4.7 -L/opt/intel/compilers_and_libraries_2018.1.163/linux/daal/lib/intel64_lin -L/opt/intel/compilers_and_libraries_2018.1.163/linux/daal/../tbb/lib/intel64_lin/gcc4.4 -L/usr/lib/gcc/x86_64-linux-gnu/7/ -L/usr/lib/gcc/x86_64-linux-gnu/7/../../../x86_64-linux-gnu/ -L/usr/lib/gcc/x86_64-linux-gnu/7/../../../../lib/ -L/lib/x86_64-linux-gnu/ -L/lib/../lib64 -L/lib/../lib/ -L/usr/lib/x86_64-linux-gnu/ -L/usr/lib/../lib/ -L/opt/intel/clck/2018.1/lib/intel64/ -L/opt/intel/compilers_and_libraries_2018.1.163/linux/ipp/lib/intel64/ -L/opt/intel/compilers_and_libraries_2018.1.163/linux/compiler/lib/intel64_lin/ -L/opt/intel/compilers_and_libraries_2018.1.163/linux/mkl/lib/intel64_lin/ -L/opt/intel/compilers_and_libraries_2018.1.163/linux/tbb/lib/intel64/gcc4.7/ -L/opt/intel/compilers_and_libraries_2018.1.163/linux/daal/lib/intel64_lin/ -L/opt/intel/compilers_and_libraries_2018.1.163/linux/daal/../tbb/lib/intel64_lin/gcc4.4/ -L/usr/lib/gcc/x86_64-linux-gnu/7/../../../ -L/lib64 -L/lib/ -L/usr/lib -lifport -lifcoremt -limf -lsvml -lm -lipgo -lirc -lpthread -lirc_s -ldl  >&5
/usr/lib/gcc/x86_64-linux-gnu/7/../../../x86_64-linux-gnu/Scrt1.o: In function `_start':
(.text+0x20): undefined reference to `main'
configure:6429: $? = 1
configure: failed program was:
| /* confdefs.h */
| #define PACKAGE_NAME "arprec"
| #define PACKAGE_TARNAME "arprec"
| #define PACKAGE_VERSION "2.2.13"
| #define PACKAGE_STRING "arprec 2.2.13"
| #define PACKAGE_BUGREPORT "dhbailey@lbl.gov"
| #define PACKAGE_URL ""
| #define MAJOR_VERSION 2
| #define MINOR_VERSION 2
| #define PATCH_VERSION 13
| #define PACKAGE "arprec"
| #define VERSION "2.2.13"
| #define ARPREC_INLINE 1
| #define HAVE_FORTRAN 1
| #define FC_FUNC(name,NAME) name ## _
| #define FC_FUNC_(name,NAME) name ## _
| /* end confdefs.h.  */
| #ifdef FC_DUMMY_MAIN_EQ_F77
| #  undef F77_DUMMY_MAIN
| #  undef FC_DUMMY_MAIN
| #else
| #  undef FC_DUMMY_MAIN
| #endif
| #define main _MAIN
| #ifdef FC_DUMMY_MAIN
| #ifndef FC_DUMMY_MAIN_EQ_F77
| #  ifdef __cplusplus
|      extern "C"
| #  endif
|    int FC_DUMMY_MAIN() { return 1; }
| #endif
| #endif
| int
| main ()
| {
| 
|   ;
|   return 0;
| }
configure:6429: icc -o conftest -O2 -ansi-alias -xCOMMON-AVX512   conftest.c   -L/opt/intel/clck/2018.1/lib/intel64 -L/opt/intel/compilers_and_libraries_2018.1.163/linux/ipp/lib/intel64 -L/opt/intel/compilers_and_libraries_2018.1.163/linux/compiler/lib/intel64_lin -L/opt/intel/compilers_and_libraries_2018.1.163/linux/mkl/lib/intel64_lin -L/opt/intel/compilers_and_libraries_2018.1.163/linux/tbb/lib/intel64/gcc4.7 -L/opt/intel/compilers_and_libraries_2018.1.163/linux/daal/lib/intel64_lin -L/opt/intel/compilers_and_libraries_2018.1.163/linux/daal/../tbb/lib/intel64_lin/gcc4.4 -L/usr/lib/gcc/x86_64-linux-gnu/7/ -L/usr/lib/gcc/x86_64-linux-gnu/7/../../../x86_64-linux-gnu/ -L/usr/lib/gcc/x86_64-linux-gnu/7/../../../../lib/ -L/lib/x86_64-linux-gnu/ -L/lib/../lib64 -L/lib/../lib/ -L/usr/lib/x86_64-linux-gnu/ -L/usr/lib/../lib/ -L/opt/intel/clck/2018.1/lib/intel64/ -L/opt/intel/compilers_and_libraries_2018.1.163/linux/ipp/lib/intel64/ -L/opt/intel/compilers_and_libraries_2018.1.163/linux/compiler/lib/intel64_lin/ -L/opt/intel/compilers_and_libraries_2018.1.163/linux/mkl/lib/intel64_lin/ -L/opt/intel/compilers_and_libraries_2018.1.163/linux/tbb/lib/intel64/gcc4.7/ -L/opt/intel/compilers_and_libraries_2018.1.163/linux/daal/lib/intel64_lin/ -L/opt/intel/compilers_and_libraries_2018.1.163/linux/daal/../tbb/lib/intel64_lin/gcc4.4/ -L/usr/lib/gcc/x86_64-linux-gnu/7/../../../ -L/lib64 -L/lib/ -L/usr/lib -lifport -lifcoremt -limf -lsvml -lm -lipgo -lirc -lpthread -lirc_s -ldl  >&5
/usr/lib/gcc/x86_64-linux-gnu/7/../../../x86_64-linux-gnu/Scrt1.o: In function `_start':
(.text+0x20): undefined reference to `main'
configure:6429: $? = 1
configure: failed program was:
| /* confdefs.h */
| #define PACKAGE_NAME "arprec"
| #define PACKAGE_TARNAME "arprec"
| #define PACKAGE_VERSION "2.2.13"
| #define PACKAGE_STRING "arprec 2.2.13"
| #define PACKAGE_BUGREPORT "dhbailey@lbl.gov"
| #define PACKAGE_URL ""
| #define MAJOR_VERSION 2
| #define MINOR_VERSION 2
| #define PATCH_VERSION 13
| #define PACKAGE "arprec"
| #define VERSION "2.2.13"
| #define ARPREC_INLINE 1
| #define HAVE_FORTRAN 1
| #define FC_FUNC(name,NAME) name ## _
| #define FC_FUNC_(name,NAME) name ## _
| /* end confdefs.h.  */
| #ifdef FC_DUMMY_MAIN_EQ_F77
| #  undef F77_DUMMY_MAIN
| #  undef FC_DUMMY_MAIN
| #else
| #  undef FC_DUMMY_MAIN
| #endif
| #define main __MAIN
| #ifdef FC_DUMMY_MAIN
| #ifndef FC_DUMMY_MAIN_EQ_F77
| #  ifdef __cplusplus
|      extern "C"
| #  endif
|    int FC_DUMMY_MAIN() { return 1; }
| #endif
| #endif
| int
| main ()
| {
| 
|   ;
|   return 0;
| }
configure:6429: icc -o conftest -O2 -ansi-alias -xCOMMON-AVX512   conftest.c   -L/opt/intel/clck/2018.1/lib/intel64 -L/opt/intel/compilers_and_libraries_2018.1.163/linux/ipp/lib/intel64 -L/opt/intel/compilers_and_libraries_2018.1.163/linux/compiler/lib/intel64_lin -L/opt/intel/compilers_and_libraries_2018.1.163/linux/mkl/lib/intel64_lin -L/opt/intel/compilers_and_libraries_2018.1.163/linux/tbb/lib/intel64/gcc4.7 -L/opt/intel/compilers_and_libraries_2018.1.163/linux/daal/lib/intel64_lin -L/opt/intel/compilers_and_libraries_2018.1.163/linux/daal/../tbb/lib/intel64_lin/gcc4.4 -L/usr/lib/gcc/x86_64-linux-gnu/7/ -L/usr/lib/gcc/x86_64-linux-gnu/7/../../../x86_64-linux-gnu/ -L/usr/lib/gcc/x86_64-linux-gnu/7/../../../../lib/ -L/lib/x86_64-linux-gnu/ -L/lib/../lib64 -L/lib/../lib/ -L/usr/lib/x86_64-linux-gnu/ -L/usr/lib/../lib/ -L/opt/intel/clck/2018.1/lib/intel64/ -L/opt/intel/compilers_and_libraries_2018.1.163/linux/ipp/lib/intel64/ -L/opt/intel/compilers_and_libraries_2018.1.163/linux/compiler/lib/intel64_lin/ -L/opt/intel/compilers_and_libraries_2018.1.163/linux/mkl/lib/intel64_lin/ -L/opt/intel/compilers_and_libraries_2018.1.163/linux/tbb/lib/intel64/gcc4.7/ -L/opt/intel/compilers_and_libraries_2018.1.163/linux/daal/lib/intel64_lin/ -L/opt/intel/compilers_and_libraries_2018.1.163/linux/daal/../tbb/lib/intel64_lin/gcc4.4/ -L/usr/lib/gcc/x86_64-linux-gnu/7/../../../ -L/lib64 -L/lib/ -L/usr/lib -lifport -lifcoremt -limf -lsvml -lm -lipgo -lirc -lpthread -lirc_s -ldl  >&5
/usr/lib/gcc/x86_64-linux-gnu/7/../../../x86_64-linux-gnu/Scrt1.o: In function `_start':
(.text+0x20): undefined reference to `main'
configure:6429: $? = 1
configure: failed program was:
| /* confdefs.h */
| #define PACKAGE_NAME "arprec"
| #define PACKAGE_TARNAME "arprec"
| #define PACKAGE_VERSION "2.2.13"
| #define PACKAGE_STRING "arprec 2.2.13"
| #define PACKAGE_BUGREPORT "dhbailey@lbl.gov"
| #define PACKAGE_URL ""
| #define MAJOR_VERSION 2
| #define MINOR_VERSION 2
| #define PATCH_VERSION 13
| #define PACKAGE "arprec"
| #define VERSION "2.2.13"
| #define ARPREC_INLINE 1
| #define HAVE_FORTRAN 1
| #define FC_FUNC(name,NAME) name ## _
| #define FC_FUNC_(name,NAME) name ## _
| /* end confdefs.h.  */
| #ifdef FC_DUMMY_MAIN_EQ_F77
| #  undef F77_DUMMY_MAIN
| #  undef FC_DUMMY_MAIN
| #else
| #  undef FC_DUMMY_MAIN
| #endif
| #define main main_
| #ifdef FC_DUMMY_MAIN
| #ifndef FC_DUMMY_MAIN_EQ_F77
| #  ifdef __cplusplus
|      extern "C"
| #  endif
|    int FC_DUMMY_MAIN() { return 1; }
| #endif
| #endif
| int
| main ()
| {
| 
|   ;
|   return 0;
| }
configure:6429: icc -o conftest -O2 -ansi-alias -xCOMMON-AVX512   conftest.c   -L/opt/intel/clck/2018.1/lib/intel64 -L/opt/intel/compilers_and_libraries_2018.1.163/linux/ipp/lib/intel64 -L/opt/intel/compilers_and_libraries_2018.1.163/linux/compiler/lib/intel64_lin -L/opt/intel/compilers_and_libraries_2018.1.163/linux/mkl/lib/intel64_lin -L/opt/intel/compilers_and_libraries_2018.1.163/linux/tbb/lib/intel64/gcc4.7 -L/opt/intel/compilers_and_libraries_2018.1.163/linux/daal/lib/intel64_lin -L/opt/intel/compilers_and_libraries_2018.1.163/linux/daal/../tbb/lib/intel64_lin/gcc4.4 -L/usr/lib/gcc/x86_64-linux-gnu/7/ -L/usr/lib/gcc/x86_64-linux-gnu/7/../../../x86_64-linux-gnu/ -L/usr/lib/gcc/x86_64-linux-gnu/7/../../../../lib/ -L/lib/x86_64-linux-gnu/ -L/lib/../lib64 -L/lib/../lib/ -L/usr/lib/x86_64-linux-gnu/ -L/usr/lib/../lib/ -L/opt/intel/clck/2018.1/lib/intel64/ -L/opt/intel/compilers_and_libraries_2018.1.163/linux/ipp/lib/intel64/ -L/opt/intel/compilers_and_libraries_2018.1.163/linux/compiler/lib/intel64_lin/ -L/opt/intel/compilers_and_libraries_2018.1.163/linux/mkl/lib/intel64_lin/ -L/opt/intel/compilers_and_libraries_2018.1.163/linux/tbb/lib/intel64/gcc4.7/ -L/opt/intel/compilers_and_libraries_2018.1.163/linux/daal/lib/intel64_lin/ -L/opt/intel/compilers_and_libraries_2018.1.163/linux/daal/../tbb/lib/intel64_lin/gcc4.4/ -L/usr/lib/gcc/x86_64-linux-gnu/7/../../../ -L/lib64 -L/lib/ -L/usr/lib -lifport -lifcoremt -limf -lsvml -lm -lipgo -lirc -lpthread -lirc_s -ldl  >&5
/usr/lib/gcc/x86_64-linux-gnu/7/../../../x86_64-linux-gnu/Scrt1.o: In function `_start':
(.text+0x20): undefined reference to `main'
configure:6429: $? = 1
configure: failed program was:
| /* confdefs.h */
| #define PACKAGE_NAME "arprec"
| #define PACKAGE_TARNAME "arprec"
| #define PACKAGE_VERSION "2.2.13"
| #define PACKAGE_STRING "arprec 2.2.13"
| #define PACKAGE_BUGREPORT "dhbailey@lbl.gov"
| #define PACKAGE_URL ""
| #define MAJOR_VERSION 2
| #define MINOR_VERSION 2
| #define PATCH_VERSION 13
| #define PACKAGE "arprec"
| #define VERSION "2.2.13"
| #define ARPREC_INLINE 1
| #define HAVE_FORTRAN 1
| #define FC_FUNC(name,NAME) name ## _
| #define FC_FUNC_(name,NAME) name ## _
| /* end confdefs.h.  */
| #ifdef FC_DUMMY_MAIN_EQ_F77
| #  undef F77_DUMMY_MAIN
| #  undef FC_DUMMY_MAIN
| #else
| #  undef FC_DUMMY_MAIN
| #endif
| #define main main__
| #ifdef FC_DUMMY_MAIN
| #ifndef FC_DUMMY_MAIN_EQ_F77
| #  ifdef __cplusplus
|      extern "C"
| #  endif
|    int FC_DUMMY_MAIN() { return 1; }
| #endif
| #endif
| int
| main ()
| {
| 
|   ;
|   return 0;
| }
configure:6429: icc -o conftest -O2 -ansi-alias -xCOMMON-AVX512   conftest.c   -L/opt/intel/clck/2018.1/lib/intel64 -L/opt/intel/compilers_and_libraries_2018.1.163/linux/ipp/lib/intel64 -L/opt/intel/compilers_and_libraries_2018.1.163/linux/compiler/lib/intel64_lin -L/opt/intel/compilers_and_libraries_2018.1.163/linux/mkl/lib/intel64_lin -L/opt/intel/compilers_and_libraries_2018.1.163/linux/tbb/lib/intel64/gcc4.7 -L/opt/intel/compilers_and_libraries_2018.1.163/linux/daal/lib/intel64_lin -L/opt/intel/compilers_and_libraries_2018.1.163/linux/daal/../tbb/lib/intel64_lin/gcc4.4 -L/usr/lib/gcc/x86_64-linux-gnu/7/ -L/usr/lib/gcc/x86_64-linux-gnu/7/../../../x86_64-linux-gnu/ -L/usr/lib/gcc/x86_64-linux-gnu/7/../../../../lib/ -L/lib/x86_64-linux-gnu/ -L/lib/../lib64 -L/lib/../lib/ -L/usr/lib/x86_64-linux-gnu/ -L/usr/lib/../lib/ -L/opt/intel/clck/2018.1/lib/intel64/ -L/opt/intel/compilers_and_libraries_2018.1.163/linux/ipp/lib/intel64/ -L/opt/intel/compilers_and_libraries_2018.1.163/linux/compiler/lib/intel64_lin/ -L/opt/intel/compilers_and_libraries_2018.1.163/linux/mkl/lib/intel64_lin/ -L/opt/intel/compilers_and_libraries_2018.1.163/linux/tbb/lib/intel64/gcc4.7/ -L/opt/intel/compilers_and_libraries_2018.1.163/linux/daal/lib/intel64_lin/ -L/opt/intel/compilers_and_libraries_2018.1.163/linux/daal/../tbb/lib/intel64_lin/gcc4.4/ -L/usr/lib/gcc/x86_64-linux-gnu/7/../../../ -L/lib64 -L/lib/ -L/usr/lib -lifport -lifcoremt -limf -lsvml -lm -lipgo -lirc -lpthread -lirc_s -ldl  >&5
/usr/lib/gcc/x86_64-linux-gnu/7/../../../x86_64-linux-gnu/Scrt1.o: In function `_start':
(.text+0x20): undefined reference to `main'
configure:6429: $? = 1
configure: failed program was:
| /* confdefs.h */
| #define PACKAGE_NAME "arprec"
| #define PACKAGE_TARNAME "arprec"
| #define PACKAGE_VERSION "2.2.13"
| #define PACKAGE_STRING "arprec 2.2.13"
| #define PACKAGE_BUGREPORT "dhbailey@lbl.gov"
| #define PACKAGE_URL ""
| #define MAJOR_VERSION 2
| #define MINOR_VERSION 2
| #define PATCH_VERSION 13
| #define PACKAGE "arprec"
| #define VERSION "2.2.13"
| #define ARPREC_INLINE 1
| #define HAVE_FORTRAN 1
| #define FC_FUNC(name,NAME) name ## _
| #define FC_FUNC_(name,NAME) name ## _
| /* end confdefs.h.  */
| #ifdef FC_DUMMY_MAIN_EQ_F77
| #  undef F77_DUMMY_MAIN
| #  undef FC_DUMMY_MAIN
| #else
| #  undef FC_DUMMY_MAIN
| #endif
| #define main _main
| #ifdef FC_DUMMY_MAIN
| #ifndef FC_DUMMY_MAIN_EQ_F77
| #  ifdef __cplusplus
|      extern "C"
| #  endif
|    int FC_DUMMY_MAIN() { return 1; }
| #endif
| #endif
| int
| main ()
| {
| 
|   ;
|   return 0;
| }
configure:6444: result: main
configure:6480: checking fortran 90 modules inclusion flag
configure:6505: ifort -c -O2 -FR -FR -assume protect_parens,minus0 -prec-div -prec-sqrt -no-ftz -axSSSE3  conftest.f >&5
configure:6505: $? = 0
configure:6522: ifort -c -O2 -FR -FR -assume protect_parens,minus0 -prec-div -prec-sqrt -no-ftz -axSSSE3 -I tmpdir_0  conftest.f >&5
configure:6522: $? = 0
configure:6540: result: 
configure:6543: checking flags needed for unescaped backslash in strings
configure:6562: ifort -c -O2 -FR -FR -assume protect_parens,minus0 -prec-div -prec-sqrt -no-ftz -axSSSE3  conftest.f >&5
configure:6562: $? = 0
configure:6580: result: none
configure:6588: checking fortran 90 modules naming style
configure:6613: ifort -c -O2 -FR -FR -assume protect_parens,minus0 -prec-div -prec-sqrt -no-ftz -axSSSE3  conftest.f >&5
configure:6613: $? = 0
configure:6639: result: 
configure:6646: checking for etime
configure:6663: ifort -o conftest -O2 -FR -FR -assume protect_parens,minus0 -prec-div -prec-sqrt -no-ftz -axSSSE3   conftest.f  >&5
configure:6663: $? = 0
configure:6678: result: etime
configure:6777: checking for a sed that does not truncate output
configure:6841: result: /bin/sed
configure:6859: checking for grep that handles long lines and -e
configure:6917: result: /bin/grep
configure:6922: checking for egrep
configure:6984: result: /bin/grep -E
configure:6989: checking for fgrep
configure:7051: result: /bin/grep -F
configure:7086: checking for ld used by icc
configure:7153: result: /usr/bin/ld
configure:7160: checking if the linker (/usr/bin/ld) is GNU ld
configure:7175: result: yes
configure:7187: checking for BSD- or MS-compatible name lister (nm)
configure:7236: result: /usr/bin/nm -B
configure:7354: checking the name lister (/usr/bin/nm -B) interface
configure:7361: icpc -c -O2 -ansi-alias -xCOMMON-AVX512 -fp-model source -axSSSE3 -wd1572 -DHAVE_CONFIG_H  conftest.cpp >&5
configure:7364: /usr/bin/nm -B "conftest.o"
configure:7367: output
0000000000000000 B some_variable
configure:7374: result: BSD nm
configure:7377: checking whether ln -s works
configure:7381: result: yes
configure:7389: checking the maximum length of command line arguments
configure:7509: result: 1572864
configure:7526: checking whether the shell understands some XSI constructs
configure:7536: result: yes
configure:7540: checking whether the shell understands "+="
configure:7546: result: yes
configure:7581: checking for /usr/bin/ld option to reload object files
configure:7588: result: -r
configure:7657: checking for objdump
configure:7673: found /usr/bin/objdump
configure:7684: result: objdump
configure:7716: checking how to recognize dependent libraries
configure:7912: result: pass_all
configure:7972: checking for ar
configure:7988: found /usr/bin/ar
configure:7999: result: ar
configure:8077: checking for strip
configure:8093: found /usr/bin/strip
configure:8104: result: strip
configure:8176: checking for ranlib
configure:8192: found /usr/bin/ranlib
configure:8203: result: ranlib
configure:8293: checking command to parse /usr/bin/nm -B output from icc object
configure:8411: icpc -c -O2 -ansi-alias -xCOMMON-AVX512 -fp-model source -axSSSE3 -wd1572 -DHAVE_CONFIG_H  conftest.cpp >&5
configure:8414: $? = 0
configure:8418: /usr/bin/nm -B conftest.o \| sed -n -e 's/^.*[	 ]\([ABCDGIRSTW][ABCDGIRSTW]*\)[	 ][	 ]*\([_A-Za-z][_A-Za-z0-9]*\)$/\1 \2 \2/p' \> conftest.nm
configure:8421: $? = 0
configure:8475: icpc -o conftest -O2 -ansi-alias -xCOMMON-AVX512 -fp-model source -axSSSE3 -wd1572 -DHAVE_CONFIG_H   conftest.cpp conftstm.o >&5
configure:8478: $? = 0
configure:8516: result: ok
configure:8611: icpc -c -O2 -ansi-alias -xCOMMON-AVX512 -fp-model source -axSSSE3 -wd1572 -DHAVE_CONFIG_H  conftest.cpp >&5
configure:8614: $? = 0
configure:9340: checking how to run the C preprocessor
configure:9371: icc -E  conftest.c
configure:9371: $? = 0
configure:9385: icc -E  conftest.c
conftest.c(19): error #2379: cannot open source file "ac_nonexistent.h"
  #include <ac_nonexistent.h>
                             ^

configure:9385: $? = 2
configure: failed program was:
| /* confdefs.h */
| #define PACKAGE_NAME "arprec"
| #define PACKAGE_TARNAME "arprec"
| #define PACKAGE_VERSION "2.2.13"
| #define PACKAGE_STRING "arprec 2.2.13"
| #define PACKAGE_BUGREPORT "dhbailey@lbl.gov"
| #define PACKAGE_URL ""
| #define MAJOR_VERSION 2
| #define MINOR_VERSION 2
| #define PATCH_VERSION 13
| #define PACKAGE "arprec"
| #define VERSION "2.2.13"
| #define ARPREC_INLINE 1
| #define HAVE_FORTRAN 1
| #define FC_FUNC(name,NAME) name ## _
| #define FC_FUNC_(name,NAME) name ## _
| #define FC_MAIN main
| /* end confdefs.h.  */
| #include <ac_nonexistent.h>
configure:9410: result: icc -E
configure:9430: icc -E  conftest.c
configure:9430: $? = 0
configure:9444: icc -E  conftest.c
conftest.c(19): error #2379: cannot open source file "ac_nonexistent.h"
  #include <ac_nonexistent.h>
                             ^

configure:9444: $? = 2
configure: failed program was:
| /* confdefs.h */
| #define PACKAGE_NAME "arprec"
| #define PACKAGE_TARNAME "arprec"
| #define PACKAGE_VERSION "2.2.13"
| #define PACKAGE_STRING "arprec 2.2.13"
| #define PACKAGE_BUGREPORT "dhbailey@lbl.gov"
| #define PACKAGE_URL ""
| #define MAJOR_VERSION 2
| #define MINOR_VERSION 2
| #define PATCH_VERSION 13
| #define PACKAGE "arprec"
| #define VERSION "2.2.13"
| #define ARPREC_INLINE 1
| #define HAVE_FORTRAN 1
| #define FC_FUNC(name,NAME) name ## _
| #define FC_FUNC_(name,NAME) name ## _
| #define FC_MAIN main
| /* end confdefs.h.  */
| #include <ac_nonexistent.h>
configure:9473: checking for ANSI C header files
configure:9501: icc -c -O2 -ansi-alias -xCOMMON-AVX512  conftest.c >&5
configure:9501: $? = 0
configure:9574: icc -o conftest -O2 -ansi-alias -xCOMMON-AVX512   conftest.c  >&5
configure:9574: $? = 0
configure:9574: ./conftest
configure:9574: $? = 0
configure:9585: result: yes
configure:9598: checking for sys/types.h
configure:9598: icc -c -O2 -ansi-alias -xCOMMON-AVX512  conftest.c >&5
configure:9598: $? = 0
configure:9598: result: yes
configure:9598: checking for sys/stat.h
configure:9598: icc -c -O2 -ansi-alias -xCOMMON-AVX512  conftest.c >&5
configure:9598: $? = 0
configure:9598: result: yes
configure:9598: checking for stdlib.h
configure:9598: icc -c -O2 -ansi-alias -xCOMMON-AVX512  conftest.c >&5
configure:9598: $? = 0
configure:9598: result: yes
configure:9598: checking for string.h
configure:9598: icc -c -O2 -ansi-alias -xCOMMON-AVX512  conftest.c >&5
configure:9598: $? = 0
configure:9598: result: yes
configure:9598: checking for memory.h
configure:9598: icc -c -O2 -ansi-alias -xCOMMON-AVX512  conftest.c >&5
configure:9598: $? = 0
configure:9598: result: yes
configure:9598: checking for strings.h
configure:9598: icc -c -O2 -ansi-alias -xCOMMON-AVX512  conftest.c >&5
configure:9598: $? = 0
configure:9598: result: yes
configure:9598: checking for inttypes.h
configure:9598: icc -c -O2 -ansi-alias -xCOMMON-AVX512  conftest.c >&5
configure:9598: $? = 0
configure:9598: result: yes
configure:9598: checking for stdint.h
configure:9598: icc -c -O2 -ansi-alias -xCOMMON-AVX512  conftest.c >&5
configure:9598: $? = 0
configure:9598: result: yes
configure:9598: checking for unistd.h
configure:9598: icc -c -O2 -ansi-alias -xCOMMON-AVX512  conftest.c >&5
configure:9598: $? = 0
configure:9598: result: yes
configure:9612: checking for dlfcn.h
configure:9612: icc -c -O2 -ansi-alias -xCOMMON-AVX512  conftest.c >&5
configure:9612: $? = 0
configure:9612: result: yes
configure:9737: checking for C++ compiler version
configure:9746: icpc --version >&5
icpc (ICC) 18.0.1 20171018
Copyright (C) 1985-2017 Intel Corporation.  All rights reserved.

configure:9757: $? = 0
configure:9746: icpc -v >&5
icpc version 18.0.1 (gcc version 7.0.0 compatibility)
configure:9757: $? = 0
configure:9746: icpc -V >&5
Intel(R) C++ Intel(R) 64 Compiler for applications running on Intel(R) 64, Version 18.0.1.163 Build 20171018
Copyright (C) 1985-2017 Intel Corporation.  All rights reserved.

configure:9757: $? = 0
configure:9746: icpc -qversion >&5
icpc: command line warning #10006: ignoring unknown option '-qversion'
icpc: command line error: no files specified; for help type "icpc -help"
configure:9757: $? = 1
configure:9761: checking whether we are using the GNU C++ compiler
configure:9797: result: yes
configure:9806: checking whether icpc accepts -g
configure:9891: result: yes
configure:9916: checking dependency style of icpc
configure:10026: result: gcc3
configure:10049: checking how to run the C++ preprocessor
configure:10076: icpc -E  conftest.cpp
configure:10076: $? = 0
configure:10090: icpc -E  conftest.cpp
conftest.cpp(30): error #2379: cannot open source file "ac_nonexistent.h"
  #include <ac_nonexistent.h>
                             ^

configure:10090: $? = 2
configure: failed program was:
| /* confdefs.h */
| #define PACKAGE_NAME "arprec"
| #define PACKAGE_TARNAME "arprec"
| #define PACKAGE_VERSION "2.2.13"
| #define PACKAGE_STRING "arprec 2.2.13"
| #define PACKAGE_BUGREPORT "dhbailey@lbl.gov"
| #define PACKAGE_URL ""
| #define MAJOR_VERSION 2
| #define MINOR_VERSION 2
| #define PATCH_VERSION 13
| #define PACKAGE "arprec"
| #define VERSION "2.2.13"
| #define ARPREC_INLINE 1
| #define HAVE_FORTRAN 1
| #define FC_FUNC(name,NAME) name ## _
| #define FC_FUNC_(name,NAME) name ## _
| #define FC_MAIN main
| #define STDC_HEADERS 1
| #define HAVE_SYS_TYPES_H 1
| #define HAVE_SYS_STAT_H 1
| #define HAVE_STDLIB_H 1
| #define HAVE_STRING_H 1
| #define HAVE_MEMORY_H 1
| #define HAVE_STRINGS_H 1
| #define HAVE_INTTYPES_H 1
| #define HAVE_STDINT_H 1
| #define HAVE_UNISTD_H 1
| #define HAVE_DLFCN_H 1
| /* end confdefs.h.  */
| #include <ac_nonexistent.h>
configure:10115: result: icpc -E
configure:10135: icpc -E  conftest.cpp
configure:10135: $? = 0
configure:10149: icpc -E  conftest.cpp
conftest.cpp(30): error #2379: cannot open source file "ac_nonexistent.h"
  #include <ac_nonexistent.h>
                             ^

configure:10149: $? = 2
configure: failed program was:
| /* confdefs.h */
| #define PACKAGE_NAME "arprec"
| #define PACKAGE_TARNAME "arprec"
| #define PACKAGE_VERSION "2.2.13"
| #define PACKAGE_STRING "arprec 2.2.13"
| #define PACKAGE_BUGREPORT "dhbailey@lbl.gov"
| #define PACKAGE_URL ""
| #define MAJOR_VERSION 2
| #define MINOR_VERSION 2
| #define PATCH_VERSION 13
| #define PACKAGE "arprec"
| #define VERSION "2.2.13"
| #define ARPREC_INLINE 1
| #define HAVE_FORTRAN 1
| #define FC_FUNC(name,NAME) name ## _
| #define FC_FUNC_(name,NAME) name ## _
| #define FC_MAIN main
| #define STDC_HEADERS 1
| #define HAVE_SYS_TYPES_H 1
| #define HAVE_SYS_STAT_H 1
| #define HAVE_STDLIB_H 1
| #define HAVE_STRING_H 1
| #define HAVE_MEMORY_H 1
| #define HAVE_STRINGS_H 1
| #define HAVE_INTTYPES_H 1
| #define HAVE_STDINT_H 1
| #define HAVE_UNISTD_H 1
| #define HAVE_DLFCN_H 1
| /* end confdefs.h.  */
| #include <ac_nonexistent.h>
configure:10289: checking for Fortran compiler version
configure:10298: ifort --version >&5
ifort (IFORT) 18.0.1 20171018
Copyright (C) 1985-2017 Intel Corporation.  All rights reserved.

configure:10309: $? = 0
configure:10298: ifort -v >&5
ifort version 18.0.1
configure:10309: $? = 0
configure:10298: ifort -V >&5
Intel(R) Fortran Intel(R) 64 Compiler for applications running on Intel(R) 64, Version 18.0.1.163 Build 20171018
Copyright (C) 1985-2017 Intel Corporation.  All rights reserved.

configure:10309: $? = 0
configure:10298: ifort -qversion >&5
ifort: command line warning #10006: ignoring unknown option '-qversion'
ifort: command line error: no files specified; for help type "ifort -help"
configure:10309: $? = 1
configure:10318: checking whether we are using the GNU Fortran compiler
configure:10340: result: no
configure:10346: checking whether ifort accepts -g
configure:10365: result: yes
configure:10542: checking for objdir
configure:10557: result: .libs
configure:10853: checking if icc supports -fno-rtti -fno-exceptions
configure:10871: icc -c -O2 -ansi-alias -xCOMMON-AVX512  -fno-rtti -fno-exceptions conftest.c >&5
configure:10875: $? = 0
configure:10888: result: yes
configure:10908: checking for icc option to produce PIC
configure:11180: result: -fPIC -DPIC
configure:11192: checking if icc PIC flag -fPIC -DPIC works
configure:11210: icc -c -O2 -ansi-alias -xCOMMON-AVX512  -fPIC -DPIC -DPIC conftest.c >&5
configure:11214: $? = 0
configure:11227: result: yes
configure:11251: checking if icc static flag -static works
configure:11279: result: yes
configure:11294: checking if icc supports -c -o file.o
configure:11315: icc -c -O2 -ansi-alias -xCOMMON-AVX512  -o out/conftest2.o conftest.c >&5
configure:11319: $? = 0
configure:11341: result: yes
configure:11349: checking if icc supports -c -o file.o
configure:11396: result: yes
configure:11429: checking whether the icc linker (/usr/bin/ld -m elf_x86_64) supports shared libraries
configure:12436: result: yes
configure:12675: checking dynamic linker characteristics
configure:13116: icc -o conftest -O2 -ansi-alias -xCOMMON-AVX512   -Wl,-rpath -Wl,/foo conftest.c  >&5
configure:13116: $? = 0
configure:13346: result: GNU/Linux ld.so
configure:13448: checking how to hardcode library paths into programs
configure:13473: result: immediate
configure:14033: checking whether stripping libraries is possible
configure:14038: result: yes
configure:14073: checking if libtool supports shared libraries
configure:14075: result: yes
configure:14078: checking whether to build shared libraries
configure:14099: result: no
configure:14102: checking whether to build static libraries
configure:14106: result: yes
configure:14256: checking for ld used by icpc
configure:14323: result: /usr/bin/ld -m elf_x86_64
configure:14330: checking if the linker (/usr/bin/ld -m elf_x86_64) is GNU ld
configure:14345: result: yes
configure:14400: checking whether the icpc linker (/usr/bin/ld -m elf_x86_64) supports shared libraries
configure:15329: result: yes
configure:15357: icpc -c -O2 -ansi-alias -xCOMMON-AVX512 -fp-model source -axSSSE3 -wd1572 -DHAVE_CONFIG_H  conftest.cpp >&5
configure:15360: $? = 0
configure:15542: checking for icpc option to produce PIC
configure:15859: result: -fPIC -DPIC
configure:15868: checking if icpc PIC flag -fPIC -DPIC works
configure:15886: icpc -c -O2 -ansi-alias -xCOMMON-AVX512 -fp-model source -axSSSE3 -wd1572 -DHAVE_CONFIG_H  -fPIC -DPIC -DPIC conftest.cpp >&5
configure:15890: $? = 0
configure:15903: result: yes
configure:15924: checking if icpc static flag -static works
configure:15952: result: yes
configure:15964: checking if icpc supports -c -o file.o
configure:15985: icpc -c -O2 -ansi-alias -xCOMMON-AVX512 -fp-model source -axSSSE3 -wd1572 -DHAVE_CONFIG_H  -o out/conftest2.o conftest.cpp >&5
configure:15989: $? = 0
configure:16011: result: yes
configure:16016: checking if icpc supports -c -o file.o
configure:16063: result: yes
configure:16093: checking whether the icpc linker (/usr/bin/ld -m elf_x86_64) supports shared libraries
configure:16122: result: yes
configure:16259: checking dynamic linker characteristics
configure:16648: icpc -o conftest -O2 -ansi-alias -xCOMMON-AVX512 -fp-model source -axSSSE3 -wd1572 -DHAVE_CONFIG_H   -Wl,-rpath,/foo conftest.cpp  >&5
configure:16648: $? = 0
configure:16878: result: GNU/Linux ld.so
configure:16929: checking how to hardcode library paths into programs
configure:16954: result: immediate
configure:17099: checking if libtool supports shared libraries
configure:17101: result: yes
configure:17104: checking whether to build shared libraries
configure:17124: result: no
configure:17127: checking whether to build static libraries
configure:17131: result: yes
configure:17157: ifort -c -O2 -FR -FR -assume protect_parens,minus0 -prec-div -prec-sqrt -no-ftz -axSSSE3  conftest.f >&5
configure:17160: $? = 0
configure:17270: checking for ifort option to produce PIC
configure:17542: result: -fPIC
configure:17551: checking if ifort PIC flag -fPIC works
configure:17569: ifort -c -O2 -FR -FR -assume protect_parens,minus0 -prec-div -prec-sqrt -no-ftz -axSSSE3 -fPIC  conftest.f >&5
configure:17573: $? = 0
configure:17586: result: yes
configure:17607: checking if ifort static flag -static works
configure:17635: result: yes
configure:17647: checking if ifort supports -c -o file.o
configure:17668: ifort -c -O2 -FR -FR -assume protect_parens,minus0 -prec-div -prec-sqrt -no-ftz -axSSSE3 -o out/conftest2.o  conftest.f >&5
configure:17672: $? = 0
configure:17694: result: yes
configure:17699: checking if ifort supports -c -o file.o
configure:17746: result: yes
configure:17776: checking whether the ifort linker (/usr/bin/ld -m elf_x86_64) supports shared libraries
configure:18754: result: yes
configure:18891: checking dynamic linker characteristics
configure:19266: ifort -o conftest -O2 -FR -FR -assume protect_parens,minus0 -prec-div -prec-sqrt -no-ftz -axSSSE3  -Wl,-rpath -Wl,/foo  conftest.f  >&5
configure:19266: $? = 0
configure:19496: result: GNU/Linux ld.so
configure:19547: checking how to hardcode library paths into programs
configure:19572: result: immediate
configure:19627: checking fp.h usability
configure:19627: icpc -c -O2 -ansi-alias -xCOMMON-AVX512 -fp-model source -axSSSE3 -wd1572 -DHAVE_CONFIG_H  conftest.cpp >&5
conftest.cpp(64): catastrophic error: cannot open source file "fp.h"
  #include <fp.h>
                 ^

compilation aborted for conftest.cpp (code 4)
configure:19627: $? = 4
configure: failed program was:
| /* confdefs.h */
| #define PACKAGE_NAME "arprec"
| #define PACKAGE_TARNAME "arprec"
| #define PACKAGE_VERSION "2.2.13"
| #define PACKAGE_STRING "arprec 2.2.13"
| #define PACKAGE_BUGREPORT "dhbailey@lbl.gov"
| #define PACKAGE_URL ""
| #define MAJOR_VERSION 2
| #define MINOR_VERSION 2
| #define PATCH_VERSION 13
| #define PACKAGE "arprec"
| #define VERSION "2.2.13"
| #define ARPREC_INLINE 1
| #define HAVE_FORTRAN 1
| #define FC_FUNC(name,NAME) name ## _
| #define FC_FUNC_(name,NAME) name ## _
| #define FC_MAIN main
| #define STDC_HEADERS 1
| #define HAVE_SYS_TYPES_H 1
| #define HAVE_SYS_STAT_H 1
| #define HAVE_STDLIB_H 1
| #define HAVE_STRING_H 1
| #define HAVE_MEMORY_H 1
| #define HAVE_STRINGS_H 1
| #define HAVE_INTTYPES_H 1
| #define HAVE_STDINT_H 1
| #define HAVE_UNISTD_H 1
| #define HAVE_DLFCN_H 1
| #define LT_OBJDIR ".libs/"
| /* end confdefs.h.  */
| #include <stdio.h>
| #ifdef HAVE_SYS_TYPES_H
| # include <sys/types.h>
| #endif
| #ifdef HAVE_SYS_STAT_H
| # include <sys/stat.h>
| #endif
| #ifdef STDC_HEADERS
| # include <stdlib.h>
| # include <stddef.h>
| #else
| # ifdef HAVE_STDLIB_H
| #  include <stdlib.h>
| # endif
| #endif
| #ifdef HAVE_STRING_H
| # if !defined STDC_HEADERS && defined HAVE_MEMORY_H
| #  include <memory.h>
| # endif
| # include <string.h>
| #endif
| #ifdef HAVE_STRINGS_H
| # include <strings.h>
| #endif
| #ifdef HAVE_INTTYPES_H
| # include <inttypes.h>
| #endif
| #ifdef HAVE_STDINT_H
| # include <stdint.h>
| #endif
| #ifdef HAVE_UNISTD_H
| # include <unistd.h>
| #endif
| #include <fp.h>
configure:19627: result: no
configure:19627: checking fp.h presence
configure:19627: icpc -E  conftest.cpp
conftest.cpp(31): error #2379: cannot open source file "fp.h"
  #include <fp.h>
                 ^

configure:19627: $? = 2
configure: failed program was:
| /* confdefs.h */
| #define PACKAGE_NAME "arprec"
| #define PACKAGE_TARNAME "arprec"
| #define PACKAGE_VERSION "2.2.13"
| #define PACKAGE_STRING "arprec 2.2.13"
| #define PACKAGE_BUGREPORT "dhbailey@lbl.gov"
| #define PACKAGE_URL ""
| #define MAJOR_VERSION 2
| #define MINOR_VERSION 2
| #define PATCH_VERSION 13
| #define PACKAGE "arprec"
| #define VERSION "2.2.13"
| #define ARPREC_INLINE 1
| #define HAVE_FORTRAN 1
| #define FC_FUNC(name,NAME) name ## _
| #define FC_FUNC_(name,NAME) name ## _
| #define FC_MAIN main
| #define STDC_HEADERS 1
| #define HAVE_SYS_TYPES_H 1
| #define HAVE_SYS_STAT_H 1
| #define HAVE_STDLIB_H 1
| #define HAVE_STRING_H 1
| #define HAVE_MEMORY_H 1
| #define HAVE_STRINGS_H 1
| #define HAVE_INTTYPES_H 1
| #define HAVE_STDINT_H 1
| #define HAVE_UNISTD_H 1
| #define HAVE_DLFCN_H 1
| #define LT_OBJDIR ".libs/"
| /* end confdefs.h.  */
| #include <fp.h>
configure:19627: result: no
configure:19627: checking for fp.h
configure:19627: result: no
configure:19627: checking sys/time.h usability
configure:19627: icpc -c -O2 -ansi-alias -xCOMMON-AVX512 -fp-model source -axSSSE3 -wd1572 -DHAVE_CONFIG_H  conftest.cpp >&5
configure:19627: $? = 0
configure:19627: result: yes
configure:19627: checking sys/time.h presence
configure:19627: icpc -E  conftest.cpp
configure:19627: $? = 0
configure:19627: result: yes
configure:19627: checking for sys/time.h
configure:19627: result: yes
configure:19647: checking whether the compiler supports basic templates
configure:19680: icpc -c -O2 -ansi-alias -xCOMMON-AVX512 -fp-model source -axSSSE3 -wd1572 -DHAVE_CONFIG_H  conftest.cpp >&5
configure:19680: $? = 0
configure:19694: result: yes
configure:19706: checking whether x86 FPU control code is needed
configure:19717: result: yes
configure:19724: checking fpu_control.h usability
configure:19724: icpc -c -O2 -ansi-alias -xCOMMON-AVX512 -fp-model source -axSSSE3 -wd1572 -DHAVE_CONFIG_H  conftest.cpp >&5
configure:19724: $? = 0
configure:19724: result: yes
configure:19724: checking fpu_control.h presence
configure:19724: icpc -E  conftest.cpp
configure:19724: $? = 0
configure:19724: result: yes
configure:19724: checking for fpu_control.h
configure:19724: result: yes
configure:19741: checking for drand48
configure:19741: icpc -o conftest -O2 -ansi-alias -xCOMMON-AVX512 -fp-model source -axSSSE3 -wd1572 -DHAVE_CONFIG_H   conftest.cpp  >&5
configure:19741: $? = 0
configure:19741: result: yes
configure:19741: checking for copysign
configure:19741: icpc -o conftest -O2 -ansi-alias -xCOMMON-AVX512 -fp-model source -axSSSE3 -wd1572 -DHAVE_CONFIG_H   conftest.cpp  >&5
configure:19741: $? = 0
configure:19741: result: yes
configure:19916: creating ./config.status

## ---------------------- ##
## Running config.status. ##
## ---------------------- ##

This file was extended by arprec config.status 2.2.13, which was
generated by GNU Autoconf 2.69.  Invocation command line was

  CONFIG_FILES    = 
  CONFIG_HEADERS  = 
  CONFIG_LINKS    = 
  CONFIG_COMMANDS = 
  $ ./config.status 

on Odin

config.status:1225: creating Makefile
config.status:1225: creating src/Makefile
config.status:1225: creating tests/Makefile
config.status:1225: creating include/Makefile
config.status:1225: creating fortran/Makefile
config.status:1225: creating toolkit/Makefile
config.status:1225: creating arprec-config
config.status:1225: creating fortran/second.f
config.status:1225: creating toolkit/second.f
config.status:1225: creating config.h
config.status:1406: config.h is unchanged
config.status:1225: creating include/arprec/arprec_config.h
config.status:1406: include/arprec/arprec_config.h is unchanged
config.status:1454: executing depfiles commands
config.status:1454: executing libtool commands

## ---------------- ##
## Cache variables. ##
## ---------------- ##

ac_cv_build=x86_64-unknown-linux-gnu
ac_cv_c_compiler_gnu=yes
ac_cv_cxx_compiler_gnu=yes
ac_cv_cxx_templates=yes
ac_cv_env_CCC_set=
ac_cv_env_CCC_value=
ac_cv_env_CC_set=set
ac_cv_env_CC_value=icc
ac_cv_env_CFLAGS_set=set
ac_cv_env_CFLAGS_value='-O2 -ansi-alias -xCOMMON-AVX512'
ac_cv_env_CPPFLAGS_set=
ac_cv_env_CPPFLAGS_value=
ac_cv_env_CPP_set=
ac_cv_env_CPP_value=
ac_cv_env_CXXCPP_set=
ac_cv_env_CXXCPP_value=
ac_cv_env_CXXFLAGS_set=set
ac_cv_env_CXXFLAGS_value='-O2 -ansi-alias -xCOMMON-AVX512'
ac_cv_env_CXX_set=set
ac_cv_env_CXX_value=icpc
ac_cv_env_FCFLAGS_set=
ac_cv_env_FCFLAGS_value=
ac_cv_env_FC_set=
ac_cv_env_FC_value=
ac_cv_env_LDFLAGS_set=
ac_cv_env_LDFLAGS_value=
ac_cv_env_LIBS_set=
ac_cv_env_LIBS_value=
ac_cv_env_build_alias_set=
ac_cv_env_build_alias_value=
ac_cv_env_host_alias_set=
ac_cv_env_host_alias_value=
ac_cv_env_target_alias_set=
ac_cv_env_target_alias_value=
ac_cv_fc_compiler_gnu=no
ac_cv_fc_dummy_main=none
ac_cv_fc_freeform=-FR
ac_cv_fc_libs=' -L/opt/intel/clck/2018.1/lib/intel64 -L/opt/intel/compilers_and_libraries_2018.1.163/linux/ipp/lib/intel64 -L/opt/intel/compilers_and_libraries_2018.1.163/linux/compiler/lib/intel64_lin -L/opt/intel/compilers_and_libraries_2018.1.163/linux/mkl/lib/intel64_lin -L/opt/intel/compilers_and_libraries_2018.1.163/linux/tbb/lib/intel64/gcc4.7 -L/opt/intel/compilers_and_libraries_2018.1.163/linux/daal/lib/intel64_lin -L/opt/intel/compilers_and_libraries_2018.1.163/linux/daal/../tbb/lib/intel64_lin/gcc4.4 -L/usr/lib/gcc/x86_64-linux-gnu/7/ -L/usr/lib/gcc/x86_64-linux-gnu/7/../../../x86_64-linux-gnu/ -L/usr/lib/gcc/x86_64-linux-gnu/7/../../../../lib/ -L/lib/x86_64-linux-gnu/ -L/lib/../lib64 -L/lib/../lib/ -L/usr/lib/x86_64-linux-gnu/ -L/usr/lib/../lib/ -L/opt/intel/clck/2018.1/lib/intel64/ -L/opt/intel/compilers_and_libraries_2018.1.163/linux/ipp/lib/intel64/ -L/opt/intel/compilers_and_libraries_2018.1.163/linux/compiler/lib/intel64_lin/ -L/opt/intel/compilers_and_libraries_2018.1.163/linux/mkl/lib/intel64_lin/ -L/opt/intel/compilers_and_libraries_2018.1.163/linux/tbb/lib/intel64/gcc4.7/ -L/opt/intel/compilers_and_libraries_2018.1.163/linux/daal/lib/intel64_lin/ -L/opt/intel/compilers_and_libraries_2018.1.163/linux/daal/../tbb/lib/intel64_lin/gcc4.4/ -L/usr/lib/gcc/x86_64-linux-gnu/7/../../../ -L/lib64 -L/lib/ -L/usr/lib -lifport -lifcoremt -limf -lsvml -lm -lipgo -lirc -lpthread -lirc_s -ldl'
ac_cv_fc_main=main
ac_cv_fc_mangling='lower case, underscore, no extra underscore'
ac_cv_fortran_dummy_main=none
ac_cv_fortran_main=main
ac_cv_func_copysign=yes
ac_cv_func_drand48=yes
ac_cv_header_dlfcn_h=yes
ac_cv_header_fp_h=no
ac_cv_header_fpu_control_h=yes
ac_cv_header_inttypes_h=yes
ac_cv_header_memory_h=yes
ac_cv_header_stdc=yes
ac_cv_header_stdint_h=yes
ac_cv_header_stdlib_h=yes
ac_cv_header_string_h=yes
ac_cv_header_strings_h=yes
ac_cv_header_sys_stat_h=yes
ac_cv_header_sys_time_h=yes
ac_cv_header_sys_types_h=yes
ac_cv_header_unistd_h=yes
ac_cv_host=x86_64-unknown-linux-gnu
ac_cv_objext=o
ac_cv_path_EGREP='/bin/grep -E'
ac_cv_path_FGREP='/bin/grep -F'
ac_cv_path_GREP=/bin/grep
ac_cv_path_SED=/bin/sed
ac_cv_path_install='/usr/bin/install -c'
ac_cv_path_mkdir=/bin/mkdir
ac_cv_prog_AWK=mawk
ac_cv_prog_CPP='icc -E'
ac_cv_prog_CXXCPP='icpc -E'
ac_cv_prog_ac_ct_AR=ar
ac_cv_prog_ac_ct_CC=icc
ac_cv_prog_ac_ct_FC=ifort
ac_cv_prog_ac_ct_OBJDUMP=objdump
ac_cv_prog_ac_ct_RANLIB=ranlib
ac_cv_prog_ac_ct_STRIP=strip
ac_cv_prog_cc_c89=
ac_cv_prog_cc_g=yes
ac_cv_prog_cxx_g=yes
ac_cv_prog_fc_g=yes
ac_cv_prog_fc_v=-v
ac_cv_prog_make_make_set=yes
am_cv_CC_dependencies_compiler_type=gcc3
am_cv_CXX_dependencies_compiler_type=gcc3
lt_cv_deplibs_check_method=pass_all
lt_cv_file_magic_cmd='$MAGIC_CMD'
lt_cv_file_magic_test_file=
lt_cv_ld_reload_flag=-r
lt_cv_nm_interface='BSD nm'
lt_cv_objdir=.libs
lt_cv_path_LD=/usr/bin/ld
lt_cv_path_LDCXX='/usr/bin/ld -m elf_x86_64'
lt_cv_path_NM='/usr/bin/nm -B'
lt_cv_prog_compiler_c_o=yes
lt_cv_prog_compiler_c_o_CXX=yes
lt_cv_prog_compiler_c_o_FC=yes
lt_cv_prog_compiler_pic_works=yes
lt_cv_prog_compiler_pic_works_CXX=yes
lt_cv_prog_compiler_pic_works_FC=yes
lt_cv_prog_compiler_rtti_exceptions=yes
lt_cv_prog_compiler_static_works=yes
lt_cv_prog_compiler_static_works_CXX=yes
lt_cv_prog_compiler_static_works_FC=yes
lt_cv_prog_gnu_ld=yes
lt_cv_prog_gnu_ldcxx=yes
lt_cv_sys_global_symbol_pipe='sed -n -e '\''s/^.*[	 ]\([ABCDGIRSTW][ABCDGIRSTW]*\)[	 ][	 ]*\([_A-Za-z][_A-Za-z0-9]*\)$/\1 \2 \2/p'\'''
lt_cv_sys_global_symbol_to_c_name_address='sed -n -e '\''s/^: \([^ ]*\) $/  {\"\1\", (void *) 0},/p'\'' -e '\''s/^[ABCDGIRSTW]* \([^ ]*\) \([^ ]*\)$/  {"\2", (void *) \&\2},/p'\'''
lt_cv_sys_global_symbol_to_c_name_address_lib_prefix='sed -n -e '\''s/^: \([^ ]*\) $/  {\"\1\", (void *) 0},/p'\'' -e '\''s/^[ABCDGIRSTW]* \([^ ]*\) \(lib[^ ]*\)$/  {"\2", (void *) \&\2},/p'\'' -e '\''s/^[ABCDGIRSTW]* \([^ ]*\) \([^ ]*\)$/  {"lib\2", (void *) \&\2},/p'\'''
lt_cv_sys_global_symbol_to_cdecl='sed -n -e '\''s/^T .* \(.*\)$/extern int \1();/p'\'' -e '\''s/^[ABCDGIRSTW]* .* \(.*\)$/extern char \1;/p'\'''
lt_cv_sys_max_cmd_len=1572864

## ----------------- ##
## Output variables. ##
## ----------------- ##

ACLOCAL='${SHELL} /home/alex/minimizer/arprec/config/missing --run aclocal-1.11'
AMDEPBACKSLASH='\'
AMDEP_FALSE='#'
AMDEP_TRUE=''
AMTAR='${SHELL} /home/alex/minimizer/arprec/config/missing --run tar'
AR='ar'
AUTOCONF='${SHELL} /home/alex/minimizer/arprec/config/missing --run autoconf'
AUTOHEADER='${SHELL} /home/alex/minimizer/arprec/config/missing --run autoheader'
AUTOMAKE='${SHELL} /home/alex/minimizer/arprec/config/missing --run automake-1.11'
AWK='mawk'
CC='icc'
CCDEPMODE='depmode=gcc3'
CFLAGS='-O2 -ansi-alias -xCOMMON-AVX512'
CONFIGURE_ARGS=' '\''CXX=icpc'\'' '\''CXXFLAGS=-O2 -ansi-alias -xCOMMON-AVX512'\'' '\''CC=icc'\'' '\''CFLAGS=-O2 -ansi-alias -xCOMMON-AVX512'\'''
CONFIG_CXXFLAGS='-fp-model source -axSSSE3 -DHAVE_CONFIG_H'
CONFIG_FCFLAGS='-FR -assume protect_parens,minus0 -prec-div -prec-sqrt -no-ftz -axSSSE3'
CPP='icc -E'
CPPFLAGS=''
CXX='icpc'
CXXCPP='icpc -E'
CXXDEPMODE='depmode=gcc3'
CXXFLAGS='-O2 -ansi-alias -xCOMMON-AVX512 -fp-model source -axSSSE3 -wd1572 -DHAVE_CONFIG_H'
CYGPATH_W='echo'
DEFS='-DHAVE_CONFIG_H'
DEPDIR='.deps'
DSYMUTIL=''
DUMPBIN=''
ECHO_C=''
ECHO_N='-n'
ECHO_T=''
EGREP='/bin/grep -E'
ETIME='etime'
EXEEXT=''
F77='ifort'
FC='ifort'
FCFLAGS='-O2 -FR -FR -assume protect_parens,minus0 -prec-div -prec-sqrt -no-ftz -axSSSE3'
FCLIBS=' -L/opt/intel/clck/2018.1/lib/intel64 -L/opt/intel/compilers_and_libraries_2018.1.163/linux/ipp/lib/intel64 -L/opt/intel/compilers_and_libraries_2018.1.163/linux/compiler/lib/intel64_lin -L/opt/intel/compilers_and_libraries_2018.1.163/linux/mkl/lib/intel64_lin -L/opt/intel/compilers_and_libraries_2018.1.163/linux/tbb/lib/intel64/gcc4.7 -L/opt/intel/compilers_and_libraries_2018.1.163/linux/daal/lib/intel64_lin -L/opt/intel/compilers_and_libraries_2018.1.163/linux/daal/../tbb/lib/intel64_lin/gcc4.4 -L/usr/lib/gcc/x86_64-linux-gnu/7/ -L/usr/lib/gcc/x86_64-linux-gnu/7/../../../x86_64-linux-gnu/ -L/usr/lib/gcc/x86_64-linux-gnu/7/../../../../lib/ -L/lib/x86_64-linux-gnu/ -L/lib/../lib64 -L/lib/../lib/ -L/usr/lib/x86_64-linux-gnu/ -L/usr/lib/../lib/ -L/opt/intel/clck/2018.1/lib/intel64/ -L/opt/intel/compilers_and_libraries_2018.1.163/linux/ipp/lib/intel64/ -L/opt/intel/compilers_and_libraries_2018.1.163/linux/compiler/lib/intel64_lin/ -L/opt/intel/compilers_and_libraries_2018.1.163/linux/mkl/lib/intel64_lin/ -L/opt/intel/compilers_and_libraries_2018.1.163/linux/tbb/lib/intel64/gcc4.7/ -L/opt/intel/compilers_and_libraries_2018.1.163/linux/daal/lib/intel64_lin/ -L/opt/intel/compilers_and_libraries_2018.1.163/linux/daal/../tbb/lib/intel64_lin/gcc4.4/ -L/usr/lib/gcc/x86_64-linux-gnu/7/../../../ -L/lib64 -L/lib/ -L/usr/lib -lifport -lifcoremt -limf -lsvml -lm -lipgo -lirc -lpthread -lirc_s -ldl '
FFLAGS='-O2 -FR -FR -assume protect_parens,minus0 -prec-div -prec-sqrt -no-ftz -axSSSE3'
FGREP='/bin/grep -F'
GREP='/bin/grep'
HAVE_FORTRAN_FALSE='#'
HAVE_FORTRAN_TRUE=''
INSTALL_DATA='${INSTALL} -m 644'
INSTALL_PROGRAM='${INSTALL}'
INSTALL_SCRIPT='${INSTALL}'
INSTALL_STRIP_PROGRAM='$(install_sh) -c -s'
LD='/usr/bin/ld -m elf_x86_64'
LDFLAGS=''
LIBOBJS=''
LIBS=''
LIBTOOL='$(SHELL) $(top_builddir)/libtool'
LIPO=''
LN_S='ln -s'
LTLIBOBJS=''
MAKEINFO='${SHELL} /home/alex/minimizer/arprec/config/missing --run makeinfo'
MKDIR_P='/bin/mkdir -p'
NM='/usr/bin/nm -B'
NMEDIT=''
OBJDUMP='objdump'
OBJEXT='o'
OTOOL64=''
OTOOL=''
PACKAGE='arprec'
PACKAGE_BUGREPORT='dhbailey@lbl.gov'
PACKAGE_NAME='arprec'
PACKAGE_STRING='arprec 2.2.13'
PACKAGE_TARNAME='arprec'
PACKAGE_URL=''
PACKAGE_VERSION='2.2.13'
PATH_SEPARATOR=':'
QD_CONFIG=''
RANLIB='ranlib'
SED='/bin/sed'
SET_MAKE=''
SHELL='/bin/bash'
STRIP='strip'
UPCASE_MODULE_FALSE=''
UPCASE_MODULE_TRUE='#'
VERSION='2.2.13'
ac_ct_CC='icc'
ac_ct_CXX=''
ac_ct_DUMPBIN=''
ac_ct_FC='ifort'
am__EXEEXT_FALSE=''
am__EXEEXT_TRUE='#'
am__fastdepCC_FALSE='#'
am__fastdepCC_TRUE=''
am__fastdepCXX_FALSE='#'
am__fastdepCXX_TRUE=''
am__include='include'
am__isrc=''
am__leading_dot='.'
am__quote=''
am__tar='${AMTAR} chof - "$$tardir"'
am__untar='${AMTAR} xf -'
ax_f90_modflag='-I '
bindir='${exec_prefix}/bin'
build='x86_64-unknown-linux-gnu'
build_alias=''
build_cpu='x86_64'
build_os='linux-gnu'
build_vendor='unknown'
datadir='${datarootdir}'
datarootdir='${prefix}/share'
docdir='${datarootdir}/doc/${PACKAGE_TARNAME}'
dvidir='${docdir}'
exec_prefix='${prefix}'
host='x86_64-unknown-linux-gnu'
host_alias=''
host_cpu='x86_64'
host_os='linux-gnu'
host_vendor='unknown'
htmldir='${docdir}'
includedir='${prefix}/include'
infodir='${datarootdir}/info'
install_sh='${SHELL} /home/alex/minimizer/arprec/config/install-sh'
libdir='${exec_prefix}/lib'
libexecdir='${exec_prefix}/libexec'
localedir='${datarootdir}/locale'
localstatedir='${prefix}/var'
lt_ECHO='echo'
mandir='${datarootdir}/man'
mkdir_p='/bin/mkdir -p'
module_ext='mod'
oldincludedir='/usr/include'
pdfdir='${docdir}'
prefix='/usr/local'
program_transform_name='s,x,x,'
psdir='${docdir}'
sbindir='${exec_prefix}/sbin'
sharedstatedir='${prefix}/com'
sysconfdir='${prefix}/etc'
target_alias=''

## ----------- ##
## confdefs.h. ##
## ----------- ##

/* confdefs.h */
#define PACKAGE_NAME "arprec"
#define PACKAGE_TARNAME "arprec"
#define PACKAGE_VERSION "2.2.13"
#define PACKAGE_STRING "arprec 2.2.13"
#define PACKAGE_BUGREPORT "dhbailey@lbl.gov"
#define PACKAGE_URL ""
#define MAJOR_VERSION 2
#define MINOR_VERSION 2
#define PATCH_VERSION 13
#define PACKAGE "arprec"
#define VERSION "2.2.13"
#define ARPREC_INLINE 1
#define HAVE_FORTRAN 1
#define FC_FUNC(name,NAME) name ## _
#define FC_FUNC_(name,NAME) name ## _
#define FC_MAIN main
#define STDC_HEADERS 1
#define HAVE_SYS_TYPES_H 1
#define HAVE_SYS_STAT_H 1
#define HAVE_STDLIB_H 1
#define HAVE_STRING_H 1
#define HAVE_MEMORY_H 1
#define HAVE_STRINGS_H 1
#define HAVE_INTTYPES_H 1
#define HAVE_STDINT_H 1
#define HAVE_UNISTD_H 1
#define HAVE_DLFCN_H 1
#define LT_OBJDIR ".libs/"
#define HAVE_SYS_TIME_H 1
#define HAVE_TEMPLATES /**/
#define X86 1
#define HAVE_FPU_CONTROL_H 1
#define HAVE_DRAND48 1
#define HAVE_COPYSIGN 1
#define ARPREC_API /**/

configure: exit 0
